INFO-FLOW: Workspace /mnt/castor/seas_home/t/tejasl/ESE5320_tejasl/ESE5320_Final_Project/project/LZW_Project/LZW_HW opened at Tue Nov 15 03:57:31 EST 2022
Execute     ap_set_clock -name default -period 6.667 -unit ns -default=false 
INFO: [SYN 201-201] Setting up clock 'default' with a period of 6.667ns.
Execute     import_lib /mnt/pollux/software/xilinx/2020.2/Vitis_HLS/2020.2/common/technology/xilinx/zynquplus/zynquplus 
Execute       source /mnt/pollux/software/xilinx/2020.2/Vitis_HLS/2020.2/common/technology/xilinx/interface/xilinx_interface.hlp 
Execute         source /mnt/pollux/software/xilinx/2020.2/Vitis_HLS/2020.2/common/technology/xilinx/interface/maxi.hlp 
Execute         source /mnt/pollux/software/xilinx/2020.2/Vitis_HLS/2020.2/common/technology/xilinx/interface/saxilite.hlp 
Execute       source /mnt/pollux/software/xilinx/2020.2/Vitis_HLS/2020.2/common/technology/xilinx/DSP48/dsp48.hlp 
Execute     source /mnt/pollux/software/xilinx/2020.2/Vitis_HLS/2020.2/common/technology/xilinx/common/xilinx.gen 
Execute       source /mnt/pollux/software/xilinx/2020.2/Vitis_HLS/2020.2/common/technology/xilinx/interface/plb46.gen 
Execute       source /mnt/pollux/software/xilinx/2020.2/Vitis_HLS/2020.2/common/technology/xilinx/interface/axi4.gen 
Execute       source /mnt/pollux/software/xilinx/2020.2/Vitis_HLS/2020.2/common/technology/xilinx/interface/nativeAXI4.gen 
Execute         source /mnt/pollux/software/xilinx/2020.2/Vitis_HLS/2020.2/common/technology/xilinx/interface/saxilite.gen 
Execute         source /mnt/pollux/software/xilinx/2020.2/Vitis_HLS/2020.2/common/technology/xilinx/interface/maxi.gen 
Execute       source /mnt/pollux/software/xilinx/2020.2/Vitis_HLS/2020.2/common/technology/xilinx/scripts/xilinxcoregen.gen 
Execute       source /mnt/pollux/software/xilinx/2020.2/Vitis_HLS/2020.2/common/technology/xilinx/interface/XilEDKCoreGen.gen 
Execute       source /mnt/pollux/software/xilinx/2020.2/Vitis_HLS/2020.2/common/technology/xilinx/ip/dds_compiler.gen 
Execute       source /mnt/pollux/software/xilinx/2020.2/Vitis_HLS/2020.2/common/technology/xilinx/ip/util.gen 
Execute       source /mnt/pollux/software/xilinx/2020.2/Vitis_HLS/2020.2/common/technology/xilinx/ip/xfft.gen 
Execute       source /mnt/pollux/software/xilinx/2020.2/Vitis_HLS/2020.2/common/technology/xilinx/ip/xfir.gen 
Execute       source /mnt/pollux/software/xilinx/2020.2/Vitis_HLS/2020.2/common/technology/xilinx/DSP48/dsp48.gen 
Command     ap_source done; 0.16 sec.
Execute     import_lib /mnt/pollux/software/xilinx/2020.2/Vitis_HLS/2020.2/common/technology/xilinx/zynquplus/zynquplus_fpv7 
Execute       source /mnt/pollux/software/xilinx/2020.2/Vitis_HLS/2020.2/common/technology/xilinx/interface/xilinx_interface.hlp 
Execute         source /mnt/pollux/software/xilinx/2020.2/Vitis_HLS/2020.2/common/technology/xilinx/interface/maxi.hlp 
Execute         source /mnt/pollux/software/xilinx/2020.2/Vitis_HLS/2020.2/common/technology/xilinx/interface/saxilite.hlp 
Execute       source /mnt/pollux/software/xilinx/2020.2/Vitis_HLS/2020.2/common/technology/xilinx/DSP48/dsp48.hlp 
Execute     source /mnt/pollux/software/xilinx/2020.2/Vitis_HLS/2020.2/common/technology/xilinx/common/xilinx.gen 
Execute       source /mnt/pollux/software/xilinx/2020.2/Vitis_HLS/2020.2/common/technology/xilinx/interface/plb46.gen 
Execute       source /mnt/pollux/software/xilinx/2020.2/Vitis_HLS/2020.2/common/technology/xilinx/interface/axi4.gen 
Execute       source /mnt/pollux/software/xilinx/2020.2/Vitis_HLS/2020.2/common/technology/xilinx/interface/nativeAXI4.gen 
Execute         source /mnt/pollux/software/xilinx/2020.2/Vitis_HLS/2020.2/common/technology/xilinx/interface/saxilite.gen 
Execute         source /mnt/pollux/software/xilinx/2020.2/Vitis_HLS/2020.2/common/technology/xilinx/interface/maxi.gen 
Execute       source /mnt/pollux/software/xilinx/2020.2/Vitis_HLS/2020.2/common/technology/xilinx/scripts/xilinxcoregen.gen 
Execute       source /mnt/pollux/software/xilinx/2020.2/Vitis_HLS/2020.2/common/technology/xilinx/interface/XilEDKCoreGen.gen 
Execute       source /mnt/pollux/software/xilinx/2020.2/Vitis_HLS/2020.2/common/technology/xilinx/ip/dds_compiler.gen 
Execute       source /mnt/pollux/software/xilinx/2020.2/Vitis_HLS/2020.2/common/technology/xilinx/ip/util.gen 
Execute       source /mnt/pollux/software/xilinx/2020.2/Vitis_HLS/2020.2/common/technology/xilinx/ip/xfft.gen 
Execute       source /mnt/pollux/software/xilinx/2020.2/Vitis_HLS/2020.2/common/technology/xilinx/ip/xfir.gen 
Execute       source /mnt/pollux/software/xilinx/2020.2/Vitis_HLS/2020.2/common/technology/xilinx/DSP48/dsp48.gen 
Command     ap_source done; 0.15 sec.
Execute     import_lib /mnt/pollux/software/xilinx/2020.2/Vitis_HLS/2020.2/common/technology/xilinx/zynquplus/zynquplus 
Execute       source /mnt/pollux/software/xilinx/2020.2/Vitis_HLS/2020.2/common/technology/xilinx/interface/xilinx_interface.hlp 
Execute         source /mnt/pollux/software/xilinx/2020.2/Vitis_HLS/2020.2/common/technology/xilinx/interface/maxi.hlp 
Execute         source /mnt/pollux/software/xilinx/2020.2/Vitis_HLS/2020.2/common/technology/xilinx/interface/saxilite.hlp 
Execute       source /mnt/pollux/software/xilinx/2020.2/Vitis_HLS/2020.2/common/technology/xilinx/DSP48/dsp48.hlp 
Execute     source /mnt/pollux/software/xilinx/2020.2/Vitis_HLS/2020.2/common/technology/xilinx/common/xilinx.gen 
Execute       source /mnt/pollux/software/xilinx/2020.2/Vitis_HLS/2020.2/common/technology/xilinx/interface/plb46.gen 
Execute       source /mnt/pollux/software/xilinx/2020.2/Vitis_HLS/2020.2/common/technology/xilinx/interface/axi4.gen 
Execute       source /mnt/pollux/software/xilinx/2020.2/Vitis_HLS/2020.2/common/technology/xilinx/interface/nativeAXI4.gen 
Execute         source /mnt/pollux/software/xilinx/2020.2/Vitis_HLS/2020.2/common/technology/xilinx/interface/saxilite.gen 
Execute         source /mnt/pollux/software/xilinx/2020.2/Vitis_HLS/2020.2/common/technology/xilinx/interface/maxi.gen 
Execute       source /mnt/pollux/software/xilinx/2020.2/Vitis_HLS/2020.2/common/technology/xilinx/scripts/xilinxcoregen.gen 
Execute       source /mnt/pollux/software/xilinx/2020.2/Vitis_HLS/2020.2/common/technology/xilinx/interface/XilEDKCoreGen.gen 
Execute       source /mnt/pollux/software/xilinx/2020.2/Vitis_HLS/2020.2/common/technology/xilinx/ip/dds_compiler.gen 
Execute       source /mnt/pollux/software/xilinx/2020.2/Vitis_HLS/2020.2/common/technology/xilinx/ip/util.gen 
Execute       source /mnt/pollux/software/xilinx/2020.2/Vitis_HLS/2020.2/common/technology/xilinx/ip/xfft.gen 
Execute       source /mnt/pollux/software/xilinx/2020.2/Vitis_HLS/2020.2/common/technology/xilinx/ip/xfir.gen 
Execute       source /mnt/pollux/software/xilinx/2020.2/Vitis_HLS/2020.2/common/technology/xilinx/DSP48/dsp48.gen 
Command     ap_source done; 0.14 sec.
Execute     set_part xczu3eg-sbva484-1-i 
INFO-FLOW: DBG:set_part: XILINX_VIVADO=/mnt/pollux/software/xilinx/2020.2/Vivado/2020.2
INFO-FLOW: DBG:set_part: RDI_DATADIR=/mnt/pollux/software/xilinx/2020.2/Vivado/2020.2/data:/mnt/pollux/software/xilinx/2020.2/Vitis_HLS/2020.2/data
Execute       ap_part_info -name xczu3eg-sbva484-1-i -data single -quiet 
DBG:HLSDevice: Trying to load device library: /mnt/pollux/software/xilinx/2020.2/Vitis_HLS/2020.2/lib/lnx64.o/librdi_hlsvwrap.so
DBG:HLSDevice: first parts/arch.xml in RDI_DATADIR: /mnt/pollux/software/xilinx/2020.2/Vivado/2020.2/data/parts/arch.xml
Command       ap_part_info done; 5 sec.
Execute       ap_part_info -name xczu3eg-sbva484-1-i -data info 
Execute       add_library xilinx/zynquplus/zynquplus:xczu3eg:-sbva484:-1-i 
Execute         get_default_platform 
Execute         open_platform DefaultPlatform 
Execute         ap_part_info -data single -name xczu3eg-sbva484-1-i 
Execute         ap_part_info -name xczu3eg-sbva484-1-i -data resources 
Execute         config_chip_info -resource {SLICE 8820} {LUT 70560} {FF 141120} {DSP 360} {BRAM 432} {URAM 0} 
Execute         ap_part_info -name xczu3eg-sbva484-1-i -data info 
Execute         config_chip_info -speed slow 
Execute         ap_part_info -name xczu3eg-sbva484-1-i -data info 
Execute         config_library_info -library zynquplus_slow 
Execute         config_library_info -family zynquplus 
Execute         config_library_info -part xczu3eg:-sbva484:-1-i 
Execute         import_lib /mnt/pollux/software/xilinx/2020.2/Vitis_HLS/2020.2/common/technology/xilinx/zynquplus/zynquplus 
Execute           source /mnt/pollux/software/xilinx/2020.2/Vitis_HLS/2020.2/common/technology/xilinx/interface/xilinx_interface.hlp 
Execute             source /mnt/pollux/software/xilinx/2020.2/Vitis_HLS/2020.2/common/technology/xilinx/interface/maxi.hlp 
Execute             source /mnt/pollux/software/xilinx/2020.2/Vitis_HLS/2020.2/common/technology/xilinx/interface/saxilite.hlp 
Execute           source /mnt/pollux/software/xilinx/2020.2/Vitis_HLS/2020.2/common/technology/xilinx/DSP48/dsp48.hlp 
Execute           source /mnt/pollux/software/xilinx/2020.2/Vitis_HLS/2020.2/common/technology/xilinx/DSP48/zynquplus_dsp48e2.hlp 
Command         import_lib done; 0.52 sec.
Execute         source /mnt/pollux/software/xilinx/2020.2/Vitis_HLS/2020.2/common/technology/xilinx/common/xilinx.gen 
Execute           source /mnt/pollux/software/xilinx/2020.2/Vitis_HLS/2020.2/common/technology/xilinx/interface/plb46.gen 
Execute           source /mnt/pollux/software/xilinx/2020.2/Vitis_HLS/2020.2/common/technology/xilinx/interface/axi4.gen 
Execute           source /mnt/pollux/software/xilinx/2020.2/Vitis_HLS/2020.2/common/technology/xilinx/interface/nativeAXI4.gen 
Execute             source /mnt/pollux/software/xilinx/2020.2/Vitis_HLS/2020.2/common/technology/xilinx/interface/saxilite.gen 
Execute             source /mnt/pollux/software/xilinx/2020.2/Vitis_HLS/2020.2/common/technology/xilinx/interface/maxi.gen 
Execute           source /mnt/pollux/software/xilinx/2020.2/Vitis_HLS/2020.2/common/technology/xilinx/scripts/xilinxcoregen.gen 
Execute           source /mnt/pollux/software/xilinx/2020.2/Vitis_HLS/2020.2/common/technology/xilinx/interface/XilEDKCoreGen.gen 
Execute           source /mnt/pollux/software/xilinx/2020.2/Vitis_HLS/2020.2/common/technology/xilinx/ip/dds_compiler.gen 
Execute           source /mnt/pollux/software/xilinx/2020.2/Vitis_HLS/2020.2/common/technology/xilinx/ip/util.gen 
Execute           source /mnt/pollux/software/xilinx/2020.2/Vitis_HLS/2020.2/common/technology/xilinx/ip/xfft.gen 
Command           ap_source done; 0.11 sec.
Execute           source /mnt/pollux/software/xilinx/2020.2/Vitis_HLS/2020.2/common/technology/xilinx/ip/xfir.gen 
Execute           source /mnt/pollux/software/xilinx/2020.2/Vitis_HLS/2020.2/common/technology/xilinx/DSP48/dsp48.gen 
Command         ap_source done; 0.18 sec.
Command       add_library done; 0.85 sec.
INFO: [HLS 200-10] Setting target device to 'xczu3eg-sbva484-1-i'
Execute       ap_part_info -name xczu3eg-sbva484-1-i -data info 
Execute       config_compile -quiet -complex-mul-dsp=0 
Command     set_part done; 5.96 sec.
Execute     ap_part_info -data single -name xczu3eg-sbva484-1-i 
Execute     ap_part_info -name xczu3eg-sbva484-1-i -data resources 
Execute     config_chip_info -resource {SLICE 8820} {LUT 70560} {FF 141120} {DSP 360} {BRAM 432} {URAM 0} 
Execute     ap_part_info -name xczu3eg-sbva484-1-i -data info 
Execute     config_chip_info -speed slow 
Execute     send_msg_by_id INFO @200-1505@%s%s  vitis 
INFO: [HLS 200-1505] Using flow_target 'vitis'
Execute     get_config_interface -m_axi_latency 
Execute     get_config_interface -m_axi_alignment_byte_size 
Execute     get_config_interface -m_axi_max_widen_bitwidth 
Execute     get_config_interface -default_interface 
Execute     get_config_interface -m_axi_offset 
Execute     get_config_rtl -register_reset_num 
Execute     send_msg_by_id INFO @200-1464@%s config_interface -m_axi_latency=64 
INFO: [HLS 200-1464] Running solution command: config_interface -m_axi_latency=64
Execute     config_interface -m_axi_latency=64 
Execute     send_msg_by_id INFO @200-1464@%s config_interface -m_axi_alignment_byte_size=64 
INFO: [HLS 200-1464] Running solution command: config_interface -m_axi_alignment_byte_size=64
Execute     config_interface -m_axi_alignment_byte_size=64 
Execute     send_msg_by_id INFO @200-1464@%s config_interface -m_axi_max_widen_bitwidth=512 
INFO: [HLS 200-1464] Running solution command: config_interface -m_axi_max_widen_bitwidth=512
Execute     config_interface -m_axi_max_widen_bitwidth=512 
Execute     send_msg_by_id INFO @200-1464@%s config_interface -default_interface=kernel 
INFO: [HLS 200-1464] Running solution command: config_interface -default_interface=kernel
Execute     config_interface -default_interface=kernel 
Execute     send_msg_by_id INFO @200-1464@%s config_interface -m_axi_offset=slave 
INFO: [HLS 200-1464] Running solution command: config_interface -m_axi_offset=slave
Execute     config_interface -m_axi_offset=slave 
Execute     send_msg_by_id INFO @200-1464@%s config_rtl -register_reset_num=3 
INFO: [HLS 200-1464] Running solution command: config_rtl -register_reset_num=3
Execute     config_rtl -register_reset_num=3 
Command   open_solution done; 6.58 sec.
Execute   set_part xczu3eg-sbva484-1-i 
INFO: [HLS 200-1510] Running: set_part xczu3eg-sbva484-1-i 
INFO-FLOW: DBG:set_part: XILINX_VIVADO=/mnt/pollux/software/xilinx/2020.2/Vivado/2020.2
INFO-FLOW: DBG:set_part: RDI_DATADIR=/mnt/pollux/software/xilinx/2020.2/Vivado/2020.2/data:/mnt/pollux/software/xilinx/2020.2/Vitis_HLS/2020.2/data
Execute     ap_part_info -name xczu3eg-sbva484-1-i -data single -quiet 
Execute     ap_part_info -name xczu3eg-sbva484-1-i -data info 
Execute     add_library xilinx/zynquplus/zynquplus:xczu3eg:-sbva484:-1-i 
Execute       get_default_platform 
Execute       open_platform DefaultPlatform 
Execute       ap_part_info -data single -name xczu3eg-sbva484-1-i 
Execute       ap_part_info -name xczu3eg-sbva484-1-i -data resources 
Execute       config_chip_info -resource {SLICE 8820} {LUT 70560} {FF 141120} {DSP 360} {BRAM 432} {URAM 0} 
Execute       ap_part_info -name xczu3eg-sbva484-1-i -data info 
Execute       config_chip_info -speed slow 
Execute       ap_part_info -name xczu3eg-sbva484-1-i -data info 
Execute       config_library_info -library zynquplus_slow 
Execute       config_library_info -family zynquplus 
Execute       config_library_info -part xczu3eg:-sbva484:-1-i 
Execute       import_lib /mnt/pollux/software/xilinx/2020.2/Vitis_HLS/2020.2/common/technology/xilinx/zynquplus/zynquplus 
Execute         source /mnt/pollux/software/xilinx/2020.2/Vitis_HLS/2020.2/common/technology/xilinx/interface/xilinx_interface.hlp 
Execute           source /mnt/pollux/software/xilinx/2020.2/Vitis_HLS/2020.2/common/technology/xilinx/interface/maxi.hlp 
Execute           source /mnt/pollux/software/xilinx/2020.2/Vitis_HLS/2020.2/common/technology/xilinx/interface/saxilite.hlp 
Execute         source /mnt/pollux/software/xilinx/2020.2/Vitis_HLS/2020.2/common/technology/xilinx/DSP48/dsp48.hlp 
Execute         source /mnt/pollux/software/xilinx/2020.2/Vitis_HLS/2020.2/common/technology/xilinx/DSP48/zynquplus_dsp48e2.hlp 
Execute       source /mnt/pollux/software/xilinx/2020.2/Vitis_HLS/2020.2/common/technology/xilinx/common/xilinx.gen 
Execute         source /mnt/pollux/software/xilinx/2020.2/Vitis_HLS/2020.2/common/technology/xilinx/interface/plb46.gen 
Execute         source /mnt/pollux/software/xilinx/2020.2/Vitis_HLS/2020.2/common/technology/xilinx/interface/axi4.gen 
Execute         source /mnt/pollux/software/xilinx/2020.2/Vitis_HLS/2020.2/common/technology/xilinx/interface/nativeAXI4.gen 
Execute           source /mnt/pollux/software/xilinx/2020.2/Vitis_HLS/2020.2/common/technology/xilinx/interface/saxilite.gen 
Execute           source /mnt/pollux/software/xilinx/2020.2/Vitis_HLS/2020.2/common/technology/xilinx/interface/maxi.gen 
Execute         source /mnt/pollux/software/xilinx/2020.2/Vitis_HLS/2020.2/common/technology/xilinx/scripts/xilinxcoregen.gen 
Execute         source /mnt/pollux/software/xilinx/2020.2/Vitis_HLS/2020.2/common/technology/xilinx/interface/XilEDKCoreGen.gen 
Execute         source /mnt/pollux/software/xilinx/2020.2/Vitis_HLS/2020.2/common/technology/xilinx/ip/dds_compiler.gen 
Execute         source /mnt/pollux/software/xilinx/2020.2/Vitis_HLS/2020.2/common/technology/xilinx/ip/util.gen 
Execute         source /mnt/pollux/software/xilinx/2020.2/Vitis_HLS/2020.2/common/technology/xilinx/ip/xfft.gen 
Execute         source /mnt/pollux/software/xilinx/2020.2/Vitis_HLS/2020.2/common/technology/xilinx/ip/xfir.gen 
Execute         source /mnt/pollux/software/xilinx/2020.2/Vitis_HLS/2020.2/common/technology/xilinx/DSP48/dsp48.gen 
Command       ap_source done; 0.14 sec.
Command     add_library done; 0.31 sec.
Execute     ap_part_info -name xczu3eg-sbva484-1-i -data info 
Execute     config_compile -quiet -complex-mul-dsp=0 
Command   set_part done; 0.42 sec.
Execute   create_clock -period 150MHz -name default 
INFO: [HLS 200-1510] Running: create_clock -period 150MHz -name default 
Execute   config_interface -m_axi_alignment_byte_size 64 -m_axi_latency 64 -m_axi_max_widen_bitwidth 512 -m_axi_offset slave 
INFO: [HLS 200-1510] Running: config_interface -m_axi_alignment_byte_size 64 -m_axi_latency 64 -m_axi_max_widen_bitwidth 512 -m_axi_offset slave 
Execute   config_rtl -register_reset_num 3 
INFO: [HLS 200-1510] Running: config_rtl -register_reset_num 3 
Execute   csynth_design 
INFO: [HLS 200-1510] Running: csynth_design 
Execute     get_config_compile -effort 
Execute     get_config_compile -enable_clang39 
Execute     get_config_compile -g 
Execute     get_config_compile -ng 
Execute     get_config_compile -opt_fp 
Execute     get_config_compile -skip_cdt 
Execute     get_config_compile -skip_syncheck 
Execute     get_config_compile -skip_transform 
Execute     get_config_compile -keep_printf 
Execute     elaborate -effort=medium -skip_syncheck=0 -keep_printf=0 -skip_cdt=0 -skip_transform=0 -ng=0 -g=0 -opt_fp=0 -from_csynth_design=1 
INFO: [HLS 200-111] Finished File checks and directory preparation: CPU user time: 0.01 seconds. CPU system time: 0.01 seconds. Elapsed time: 0.02 seconds; current allocated memory: 208.064 MB.
INFO: [HLS 200-10] Analyzing design file 'fpga/LZW_HW.cpp' ... 
INFO-FLOW: Compiling one TU...
Execute       get_config_compile -pragma_strict_mode 
INFO-FLOW: Handling fpga/LZW_HW.cpp as C++
Execute       ap_part_info -name xczu3eg-sbva484-1-i -data info 
INFO-FLOW: Running: GCC PP 39
INFO-FLOW: Source preprocessing
Execute       ap_eval exec -ignorestderr /mnt/pollux/software/xilinx/2020.2/Vitis_HLS/2020.2/lnx64/tools/clang-3.9-csynth/bin/clang fpga/LZW_HW.cpp -foptimization-record-file=/mnt/castor/seas_home/t/tejasl/ESE5320_tejasl/ESE5320_Final_Project/project/LZW_Project/LZW_HW/.autopilot/db/clang.LZW_HW.cpp.diag.yml -mllvm -pass-remarks-missed=reflow|pasta|unroll -mllvm -pass-remarks=reflow|pasta|unroll|inline -fno-limit-debug-info -gcc-toolchain /mnt/pollux/software/xilinx/2020.2/Vitis_HLS/2020.2/tps/lnx64/gcc-6.2.0 -fhls -fno-exceptions -E -fno-math-errno -c -emit-llvm -mllvm -disable-llvm-optzns -Werror=implicit-function-declaration -Werror=implicit-hls-streams -Werror=return-type -Wpragmas -Wunused-parameter -fno-threadsafe-statics -fno-use-cxa-atexit -std=gnu++14 -target fpga64-xilinx-linux-gnu -fno-threadsafe-statics -fno-use-cxa-atexit -I /mnt/pollux/software/xilinx/2020.2/Vitis_HLS/2020.2/common/technology/autopilot/39 -D__VITIS_HLS__ -DAESL_SYN -D__SYNTHESIS__ -D__HLS_SYN__ -I /mnt/pollux/software/xilinx/2020.2/Vitis_HLS/2020.2/common/technology/autopilot -I /mnt/pollux/software/xilinx/2020.2/Vitis_HLS/2020.2/common/technology/autopilot/ap_sysc -include etc/autopilot_ssdm_op.h -D__DSP48E2__ -o /mnt/castor/seas_home/t/tejasl/ESE5320_tejasl/ESE5320_Final_Project/project/LZW_Project/LZW_HW/.autopilot/db/LZW_HW.pp.0.cpp > /mnt/castor/seas_home/t/tejasl/ESE5320_tejasl/ESE5320_Final_Project/project/LZW_Project/LZW_HW/.autopilot/db/clang.LZW_HW.cpp.out.log 2> /mnt/castor/seas_home/t/tejasl/ESE5320_tejasl/ESE5320_Final_Project/project/LZW_Project/LZW_HW/.autopilot/db/clang.LZW_HW.cpp.err.log 
INFO-FLOW: Done: GCC PP 39 time: 0.1 seconds per iteration
Execute       set_directive_top LZW_encoding_HW -name=LZW_encoding_HW 
INFO-FLOW: Setting directive 'TOP' name=LZW_encoding_HW 
INFO-FLOW: Setting directive 'TOP' name=LZW_encoding_HW 
Execute       source /mnt/pollux/software/xilinx/2020.2/Vitis_HLS/2020.2/tps/tcl/tcllib1.11.1/yaml/huddle.tcl 
Execute       source /mnt/pollux/software/xilinx/2020.2/Vitis_HLS/2020.2/tps/tcl/tcllib1.11.1/yaml/json2huddle.tcl 
Execute         source /mnt/pollux/software/xilinx/2020.2/Vitis_HLS/2020.2/tps/tcl/tcllib1.11.1/try/try.tcl 
INFO-FLOW: Setting directive 'TOP' name=LZW_encoding_HW 
Execute       list_core -type functional_unit 
Execute       clang_tidy xilinx-systemc-detector /mnt/castor/seas_home/t/tejasl/ESE5320_tejasl/ESE5320_Final_Project/project/LZW_Project/LZW_HW/.autopilot/db/LZW_HW.pp.0.cpp std=gnu++14 -target fpga  -directive=/mnt/castor/seas_home/t/tejasl/ESE5320_tejasl/ESE5320_Final_Project/project/LZW_Project/LZW_HW/.autopilot/db/.systemc_flag 
INFO-FLOW: exec /mnt/pollux/software/xilinx/2020.2/Vitis_HLS/2020.2/lnx64/tools/clang-3.9-csynth/bin/clang-tidy -header-filter=.* --checks=-*,xilinx-systemc-detector -import-directive=/mnt/castor/seas_home/t/tejasl/ESE5320_tejasl/ESE5320_Final_Project/project/LZW_Project/LZW_HW/.autopilot/db/.systemc_flag -fix-errors /mnt/castor/seas_home/t/tejasl/ESE5320_tejasl/ESE5320_Final_Project/project/LZW_Project/LZW_HW/.autopilot/db/LZW_HW.pp.0.cpp -- -std=gnu++14 -target fpga -fhls -ferror-limit=0
INFO-FLOW: Running: clang-tidy CDT preprocess 39
Execute       clang_tidy xilinx-directive2pragma /mnt/castor/seas_home/t/tejasl/ESE5320_tejasl/ESE5320_Final_Project/project/LZW_Project/LZW_HW/.autopilot/db/LZW_HW.pp.0.cpp std=gnu++14 -target fpga  -directive=/mnt/castor/seas_home/t/tejasl/ESE5320_tejasl/ESE5320_Final_Project/project/LZW_Project/LZW_HW/.autopilot/db/all.directive.json 
INFO-FLOW: exec /mnt/pollux/software/xilinx/2020.2/Vitis_HLS/2020.2/lnx64/tools/clang-3.9-csynth/bin/clang-tidy -header-filter=.* --checks=-*,xilinx-directive2pragma -import-directive=/mnt/castor/seas_home/t/tejasl/ESE5320_tejasl/ESE5320_Final_Project/project/LZW_Project/LZW_HW/.autopilot/db/all.directive.json -fix-errors /mnt/castor/seas_home/t/tejasl/ESE5320_tejasl/ESE5320_Final_Project/project/LZW_Project/LZW_HW/.autopilot/db/LZW_HW.pp.0.cpp -- -std=gnu++14 -target fpga -fhls -ferror-limit=0
Execute       clang_tidy xilinx-constantarray-param,xilinx-remove-assert /mnt/castor/seas_home/t/tejasl/ESE5320_tejasl/ESE5320_Final_Project/project/LZW_Project/LZW_HW/.autopilot/db/LZW_HW.pp.0.cpp std=gnu++14 -target fpga  
INFO-FLOW: exec /mnt/pollux/software/xilinx/2020.2/Vitis_HLS/2020.2/lnx64/tools/clang-3.9-csynth/bin/clang-tidy -header-filter=.* --checks=-*,xilinx-constantarray-param,xilinx-remove-assert -fix-errors /mnt/castor/seas_home/t/tejasl/ESE5320_tejasl/ESE5320_Final_Project/project/LZW_Project/LZW_HW/.autopilot/db/LZW_HW.pp.0.cpp -- -std=gnu++14 -target fpga -fhls -ferror-limit=0
INFO-FLOW: Done: clang-tidy CDT preprocess 39 time: 0.1 seconds per iteration
INFO-FLOW: Calling xilinx-label-all-loops ... 
Execute       clang_tidy -errorcheck xilinx-label-all-loops,xilinx-top-parameters,xilinx-array-stream-check,xilinx-warn-mayneed-no-ctor-attribute /mnt/castor/seas_home/t/tejasl/ESE5320_tejasl/ESE5320_Final_Project/project/LZW_Project/LZW_HW/.autopilot/db/LZW_HW.pp.0.cpp std=gnu++14 -target fpga  
Execute         ap_eval exec -ignorestderr /mnt/pollux/software/xilinx/2020.2/Vitis_HLS/2020.2/lnx64/tools/clang-3.9-csynth/bin/clang-tidy -export-fixes=/mnt/castor/seas_home/t/tejasl/ESE5320_tejasl/ESE5320_Final_Project/project/LZW_Project/LZW_HW/.autopilot/db/clang-tidy.LZW_HW.pp.0.cpp.diag.yml -header-filter=.* --checks=-*,xilinx-label-all-loops,xilinx-top-parameters,xilinx-array-stream-check,xilinx-warn-mayneed-no-ctor-attribute -fix-errors /mnt/castor/seas_home/t/tejasl/ESE5320_tejasl/ESE5320_Final_Project/project/LZW_Project/LZW_HW/.autopilot/db/LZW_HW.pp.0.cpp -- -std=gnu++14 -target fpga -fhls -ferror-limit=0 > /mnt/castor/seas_home/t/tejasl/ESE5320_tejasl/ESE5320_Final_Project/project/LZW_Project/LZW_HW/.autopilot/db/clang-tidy.LZW_HW.pp.0.cpp.out.log 2> /mnt/castor/seas_home/t/tejasl/ESE5320_tejasl/ESE5320_Final_Project/project/LZW_Project/LZW_HW/.autopilot/db/clang-tidy.LZW_HW.pp.0.cpp.err.log 
Execute         source /mnt/pollux/software/xilinx/2020.2/Vitis_HLS/2020.2/tps/tcl/tcllib1.11.1/yaml/yaml.tcl 
Execute           source /mnt/pollux/software/xilinx/2020.2/Vitis_HLS/2020.2/tps/tcl/tcllib1.11.1/cmdline/cmdline.tcl 
Execute       get_config_dataflow -strict_mode 
Execute       ap_eval exec -ignorestderr /mnt/pollux/software/xilinx/2020.2/Vitis_HLS/2020.2/lnx64/tools/clang-3.9-csynth/bin/xilinx-dataflow-lawyer -export-fixes=/mnt/castor/seas_home/t/tejasl/ESE5320_tejasl/ESE5320_Final_Project/project/LZW_Project/LZW_HW/.autopilot/db/xilinx-dataflow-lawyer.LZW_HW.pp.0.cpp.diag.yml /mnt/castor/seas_home/t/tejasl/ESE5320_tejasl/ESE5320_Final_Project/project/LZW_Project/LZW_HW/.autopilot/db/LZW_HW.pp.0.cpp -- -std=gnu++14 -target fpga -fhls -ferror-limit=0 -fstrict-dataflow > /mnt/castor/seas_home/t/tejasl/ESE5320_tejasl/ESE5320_Final_Project/project/LZW_Project/LZW_HW/.autopilot/db/xilinx-dataflow-lawyer.LZW_HW.pp.0.cpp.out.log 2> /mnt/castor/seas_home/t/tejasl/ESE5320_tejasl/ESE5320_Final_Project/project/LZW_Project/LZW_HW/.autopilot/db/xilinx-dataflow-lawyer.LZW_HW.pp.0.cpp.err.log 
Execute       ap_part_info -name xczu3eg-sbva484-1-i -data info 
INFO-FLOW: compiling source code to llvm bc
Execute       ap_eval exec -ignorestderr /mnt/pollux/software/xilinx/2020.2/Vitis_HLS/2020.2/lnx64/tools/clang-3.9-csynth/bin/clang -foptimization-record-file=/mnt/castor/seas_home/t/tejasl/ESE5320_tejasl/ESE5320_Final_Project/project/LZW_Project/LZW_HW/.autopilot/db/clang.LZW_HW.pp.0.cpp.diag.yml -mllvm -pass-remarks-missed=reflow|pasta|unroll -mllvm -pass-remarks=reflow|pasta|unroll|inline -fno-limit-debug-info -fhls -flto -fno-exceptions -Wno-error=c++11-narrowing /mnt/castor/seas_home/t/tejasl/ESE5320_tejasl/ESE5320_Final_Project/project/LZW_Project/LZW_HW/.autopilot/db/LZW_HW.pp.0.cpp -fno-math-errno -c -emit-llvm -mllvm -disable-llvm-optzns -Werror=implicit-function-declaration -Werror=implicit-hls-streams -Werror=return-type -Wpragmas -Wunused-parameter -fno-threadsafe-statics -fno-use-cxa-atexit -std=gnu++14 -target fpga64-xilinx-linux-gnu -D__VITIS_HLS__ -DAESL_SYN -D__SYNTHESIS__ -D__HLS_SYN__ -I /mnt/pollux/software/xilinx/2020.2/Vitis_HLS/2020.2/common/technology/autopilot -I /mnt/pollux/software/xilinx/2020.2/Vitis_HLS/2020.2/common/technology/autopilot/ap_sysc -include etc/autopilot_ssdm_op.h -D__DSP48E2__ -g -o /mnt/castor/seas_home/t/tejasl/ESE5320_tejasl/ESE5320_Final_Project/project/LZW_Project/LZW_HW/.autopilot/db/LZW_HW.bc > /mnt/castor/seas_home/t/tejasl/ESE5320_tejasl/ESE5320_Final_Project/project/LZW_Project/LZW_HW/.autopilot/db/clang.LZW_HW.pp.0.cpp.out.log 2> /mnt/castor/seas_home/t/tejasl/ESE5320_tejasl/ESE5320_Final_Project/project/LZW_Project/LZW_HW/.autopilot/db/clang.LZW_HW.pp.0.cpp.err.log 
WARNING: [HLS 207-5175] shift count >= width of type: fpga/LZW_HW.cpp:17:22
INFO: [HLS 200-111] Finished Source Code Analysis and Preprocessing: CPU user time: 0.32 seconds. CPU system time: 0.14 seconds. Elapsed time: 0.65 seconds; current allocated memory: 209.196 MB.
INFO-FLOW: Linking Debug ...
INFO-FLOW: Linking dut bc code.
Execute       run_link_or_opt -out /mnt/castor/seas_home/t/tejasl/ESE5320_tejasl/ESE5320_Final_Project/project/LZW_Project/LZW_HW/.autopilot/db/a.g.ld.0.bc -args  "/mnt/castor/seas_home/t/tejasl/ESE5320_tejasl/ESE5320_Final_Project/project/LZW_Project/LZW_HW/.autopilot/db/LZW_HW.g.bc"  
Execute         ap_eval exec -ignorestderr /mnt/pollux/software/xilinx/2020.2/Vitis_HLS/2020.2/lnx64/tools/clang-3.9-csynth/bin/llvm-link /mnt/castor/seas_home/t/tejasl/ESE5320_tejasl/ESE5320_Final_Project/project/LZW_Project/LZW_HW/.autopilot/db/LZW_HW.g.bc -o /mnt/castor/seas_home/t/tejasl/ESE5320_tejasl/ESE5320_Final_Project/project/LZW_Project/LZW_HW/.autopilot/db/a.g.ld.0.bc > /mnt/castor/seas_home/t/tejasl/ESE5320_tejasl/ESE5320_Final_Project/project/LZW_Project/LZW_HW/.autopilot/db/llvm-link.a.g.ld.0.bc.out.log 2> /mnt/castor/seas_home/t/tejasl/ESE5320_tejasl/ESE5320_Final_Project/project/LZW_Project/LZW_HW/.autopilot/db/llvm-link.a.g.ld.0.bc.err.log 
INFO-FLOW: 
Execute       run_link_or_opt -opt -out /mnt/castor/seas_home/t/tejasl/ESE5320_tejasl/ESE5320_Final_Project/project/LZW_Project/LZW_HW/.autopilot/db/a.g.ld.1.lower.bc -args /mnt/castor/seas_home/t/tejasl/ESE5320_tejasl/ESE5320_Final_Project/project/LZW_Project/LZW_HW/.autopilot/db/a.g.ld.0.bc -reflow-lower-math-intrinsics 
Execute         ap_eval exec -ignorestderr /mnt/pollux/software/xilinx/2020.2/Vitis_HLS/2020.2/lnx64/tools/clang-3.9-csynth/bin/opt -pass-remarks-missed=reflow|pasta|unroll -pass-remarks=reflow|pasta|unroll|inline -pass-remarks-output=/mnt/castor/seas_home/t/tejasl/ESE5320_tejasl/ESE5320_Final_Project/project/LZW_Project/LZW_HW/.autopilot/db/opt.a.g.ld.1.lower.bc.diag.yml /mnt/castor/seas_home/t/tejasl/ESE5320_tejasl/ESE5320_Final_Project/project/LZW_Project/LZW_HW/.autopilot/db/a.g.ld.0.bc -reflow-lower-math-intrinsics -o /mnt/castor/seas_home/t/tejasl/ESE5320_tejasl/ESE5320_Final_Project/project/LZW_Project/LZW_HW/.autopilot/db/a.g.ld.1.lower.bc > /mnt/castor/seas_home/t/tejasl/ESE5320_tejasl/ESE5320_Final_Project/project/LZW_Project/LZW_HW/.autopilot/db/opt.a.g.ld.1.lower.bc.out.log 2> /mnt/castor/seas_home/t/tejasl/ESE5320_tejasl/ESE5320_Final_Project/project/LZW_Project/LZW_HW/.autopilot/db/opt.a.g.ld.1.lower.bc.err.log 
INFO-FLOW: 
INFO-FLOW: Linking math bc lib
Execute       run_link_or_opt -out /mnt/castor/seas_home/t/tejasl/ESE5320_tejasl/ESE5320_Final_Project/project/LZW_Project/LZW_HW/.autopilot/db/a.g.ld.2.m1.bc -args /mnt/castor/seas_home/t/tejasl/ESE5320_tejasl/ESE5320_Final_Project/project/LZW_Project/LZW_HW/.autopilot/db/a.g.ld.1.lower.bc -only-needed /mnt/pollux/software/xilinx/2020.2/Vitis_HLS/2020.2/lnx64/lib/libhlsm_39.bc /mnt/pollux/software/xilinx/2020.2/Vitis_HLS/2020.2/lnx64/lib/libhlsmc++_39.bc 
Execute         ap_eval exec -ignorestderr /mnt/pollux/software/xilinx/2020.2/Vitis_HLS/2020.2/lnx64/tools/clang-3.9-csynth/bin/llvm-link /mnt/castor/seas_home/t/tejasl/ESE5320_tejasl/ESE5320_Final_Project/project/LZW_Project/LZW_HW/.autopilot/db/a.g.ld.1.lower.bc -only-needed /mnt/pollux/software/xilinx/2020.2/Vitis_HLS/2020.2/lnx64/lib/libhlsm_39.bc /mnt/pollux/software/xilinx/2020.2/Vitis_HLS/2020.2/lnx64/lib/libhlsmc++_39.bc -o /mnt/castor/seas_home/t/tejasl/ESE5320_tejasl/ESE5320_Final_Project/project/LZW_Project/LZW_HW/.autopilot/db/a.g.ld.2.m1.bc > /mnt/castor/seas_home/t/tejasl/ESE5320_tejasl/ESE5320_Final_Project/project/LZW_Project/LZW_HW/.autopilot/db/llvm-link.a.g.ld.2.m1.bc.out.log 2> /mnt/castor/seas_home/t/tejasl/ESE5320_tejasl/ESE5320_Final_Project/project/LZW_Project/LZW_HW/.autopilot/db/llvm-link.a.g.ld.2.m1.bc.err.log 
Command         ap_eval done; 4.14 sec.
INFO-FLOW: 
Command       run_link_or_opt done; 4.14 sec.
Execute       run_link_or_opt -opt -out /mnt/castor/seas_home/t/tejasl/ESE5320_tejasl/ESE5320_Final_Project/project/LZW_Project/LZW_HW/.autopilot/db/a.g.ld.3.fpc.bc -args /mnt/castor/seas_home/t/tejasl/ESE5320_tejasl/ESE5320_Final_Project/project/LZW_Project/LZW_HW/.autopilot/db/a.g.ld.2.m1.bc -reflow-globaldce -hls-top-function-name=LZW_encoding_HW -reflow-float-conversion 
Execute         ap_eval exec -ignorestderr /mnt/pollux/software/xilinx/2020.2/Vitis_HLS/2020.2/lnx64/tools/clang-3.9-csynth/bin/opt -pass-remarks-missed=reflow|pasta|unroll -pass-remarks=reflow|pasta|unroll|inline -pass-remarks-output=/mnt/castor/seas_home/t/tejasl/ESE5320_tejasl/ESE5320_Final_Project/project/LZW_Project/LZW_HW/.autopilot/db/opt.a.g.ld.3.fpc.bc.diag.yml /mnt/castor/seas_home/t/tejasl/ESE5320_tejasl/ESE5320_Final_Project/project/LZW_Project/LZW_HW/.autopilot/db/a.g.ld.2.m1.bc -reflow-globaldce -hls-top-function-name=LZW_encoding_HW -reflow-float-conversion -o /mnt/castor/seas_home/t/tejasl/ESE5320_tejasl/ESE5320_Final_Project/project/LZW_Project/LZW_HW/.autopilot/db/a.g.ld.3.fpc.bc > /mnt/castor/seas_home/t/tejasl/ESE5320_tejasl/ESE5320_Final_Project/project/LZW_Project/LZW_HW/.autopilot/db/opt.a.g.ld.3.fpc.bc.out.log 2> /mnt/castor/seas_home/t/tejasl/ESE5320_tejasl/ESE5320_Final_Project/project/LZW_Project/LZW_HW/.autopilot/db/opt.a.g.ld.3.fpc.bc.err.log 
Command         ap_eval done; 1.36 sec.
INFO-FLOW: 
Command       run_link_or_opt done; 1.36 sec.
Execute       run_link_or_opt -out /mnt/castor/seas_home/t/tejasl/ESE5320_tejasl/ESE5320_Final_Project/project/LZW_Project/LZW_HW/.autopilot/db/a.g.ld.4.m2.bc -args /mnt/castor/seas_home/t/tejasl/ESE5320_tejasl/ESE5320_Final_Project/project/LZW_Project/LZW_HW/.autopilot/db/a.g.ld.3.fpc.bc -only-needed /mnt/pollux/software/xilinx/2020.2/Vitis_HLS/2020.2/lnx64/lib/libfloatconversion_39.bc 
Execute         ap_eval exec -ignorestderr /mnt/pollux/software/xilinx/2020.2/Vitis_HLS/2020.2/lnx64/tools/clang-3.9-csynth/bin/llvm-link /mnt/castor/seas_home/t/tejasl/ESE5320_tejasl/ESE5320_Final_Project/project/LZW_Project/LZW_HW/.autopilot/db/a.g.ld.3.fpc.bc -only-needed /mnt/pollux/software/xilinx/2020.2/Vitis_HLS/2020.2/lnx64/lib/libfloatconversion_39.bc -o /mnt/castor/seas_home/t/tejasl/ESE5320_tejasl/ESE5320_Final_Project/project/LZW_Project/LZW_HW/.autopilot/db/a.g.ld.4.m2.bc > /mnt/castor/seas_home/t/tejasl/ESE5320_tejasl/ESE5320_Final_Project/project/LZW_Project/LZW_HW/.autopilot/db/llvm-link.a.g.ld.4.m2.bc.out.log 2> /mnt/castor/seas_home/t/tejasl/ESE5320_tejasl/ESE5320_Final_Project/project/LZW_Project/LZW_HW/.autopilot/db/llvm-link.a.g.ld.4.m2.bc.err.log 
Command         ap_eval done; 0.11 sec.
INFO-FLOW: 
Command       run_link_or_opt done; 0.12 sec.
Execute       run_link_or_opt -opt -out /mnt/castor/seas_home/t/tejasl/ESE5320_tejasl/ESE5320_Final_Project/project/LZW_Project/LZW_HW/.autopilot/db/a.g.ld.5.gdce.bc -args /mnt/castor/seas_home/t/tejasl/ESE5320_tejasl/ESE5320_Final_Project/project/LZW_Project/LZW_HW/.autopilot/db/a.g.ld.4.m2.bc -reflow-globaldce -hls-top-function-name=LZW_encoding_HW 
Execute         ap_eval exec -ignorestderr /mnt/pollux/software/xilinx/2020.2/Vitis_HLS/2020.2/lnx64/tools/clang-3.9-csynth/bin/opt -pass-remarks-missed=reflow|pasta|unroll -pass-remarks=reflow|pasta|unroll|inline -pass-remarks-output=/mnt/castor/seas_home/t/tejasl/ESE5320_tejasl/ESE5320_Final_Project/project/LZW_Project/LZW_HW/.autopilot/db/opt.a.g.ld.5.gdce.bc.diag.yml /mnt/castor/seas_home/t/tejasl/ESE5320_tejasl/ESE5320_Final_Project/project/LZW_Project/LZW_HW/.autopilot/db/a.g.ld.4.m2.bc -reflow-globaldce -hls-top-function-name=LZW_encoding_HW -o /mnt/castor/seas_home/t/tejasl/ESE5320_tejasl/ESE5320_Final_Project/project/LZW_Project/LZW_HW/.autopilot/db/a.g.ld.5.gdce.bc > /mnt/castor/seas_home/t/tejasl/ESE5320_tejasl/ESE5320_Final_Project/project/LZW_Project/LZW_HW/.autopilot/db/opt.a.g.ld.5.gdce.bc.out.log 2> /mnt/castor/seas_home/t/tejasl/ESE5320_tejasl/ESE5320_Final_Project/project/LZW_Project/LZW_HW/.autopilot/db/opt.a.g.ld.5.gdce.bc.err.log 
INFO-FLOW: 
Execute       get_solution -flow_target 
Execute       get_config_rtl -module_prefix 
Execute       get_config_interface -default_slave_interface 
Execute       get_solution -flow_target 
Execute       get_config_interface -m_axi_offset 
Execute       get_config_interface -m_axi_latency 
Execute       get_config_interface -m_axi_alignment_byte_size 
Execute       get_config_interface -m_axi_min_bitwidth 
Execute       get_config_interface -m_axi_max_bitwidth 
Execute       get_config_interface -m_axi_max_widen_bitwidth 
Execute       get_config_interface -m_axi_num_read_outstanding 
Execute       get_config_interface -m_axi_num_write_outstanding 
Execute       get_config_interface -m_axi_max_read_burst_length 
Execute       get_config_interface -m_axi_max_write_burst_length 
Execute       get_config_interface -m_axi_min_bitwidth 
Execute       get_config_interface -m_axi_max_bitwidth 
Execute       get_config_interface -m_axi_latency 
Execute       get_config_interface -m_axi_min_bitwidth 
Execute       get_config_interface -m_axi_max_bitwidth 
Execute       get_config_interface -m_axi_max_widen_bitwidth 
Execute       get_config_interface -m_axi_auto_max_ports 
Execute       get_config_interface -m_axi_num_read_outstanding 
Execute       get_config_interface -m_axi_num_write_outstanding 
Execute       get_config_interface -m_axi_max_read_burst_length 
Execute       get_config_interface -m_axi_max_write_burst_length 
Execute       get_config_interface -s_axilite_data64 
Execute       get_config_interface -m_axi_alignment_byte_size 
Execute       get_config_compile -pragma_strict_mode 
Execute       get_config_compile -pipeline_style 
Execute       send_msg_by_id INFO @200-777@%s Vitis 
INFO: [HLS 200-777] Using interface defaults for 'Vitis' flow target.
Execute       is_m_axi_addr64 
INFO-FLOW: Doing LTO.
Execute       ap_eval exec -ignorestderr /mnt/pollux/software/xilinx/2020.2/Vitis_HLS/2020.2/lnx64/tools/clang-3.9-csynth/bin/clang -foptimization-record-file=/mnt/castor/seas_home/t/tejasl/ESE5320_tejasl/ESE5320_Final_Project/project/LZW_Project/LZW_HW/.autopilot/db/clang.a.g.ld.0.bc.diag.yml -mllvm -pass-remarks-missed=reflow|pasta|unroll -mllvm -pass-remarks=reflow|pasta|unroll|inline -fhls -mllvm -hls-top-function-name=LZW_encoding_HW -mllvm -hls-db-dir -mllvm /mnt/castor/seas_home/t/tejasl/ESE5320_tejasl/ESE5320_Final_Project/project/LZW_Project/LZW_HW/.autopilot/db -emit-llvm -c -target fpga64-xilinx-none -mllvm -xcl-xmlinfo=/mnt/castor/seas_home/t/tejasl/ESE5320_tejasl/ESE5320_Final_Project/project/LZW_Project/LZW_HW/.autopilot/db/../../../kernel.xml -mllvm -top-io-mapping-info=/mnt/castor/seas_home/t/tejasl/ESE5320_tejasl/ESE5320_Final_Project/project/LZW_Project/LZW_HW/.autopilot/db/top-io-fe.xml -mllvm -hls-bitcode-version=3.1 -mllvm -reflow-enable-slave-interface-default-setting=true -mllvm -gen-kernel-xml=true -mllvm -default-maxi-offset=slave -mllvm -maxi-latency=64 -mllvm -hls-maxi-data-size-in-bits=8 -mllvm -hls-maxi-max-data-size-in-bits=1024 -mllvm -hls-max-widen-size-in-bits=512 -mllvm -xcl-kernel-max-mem-ports=0 -mllvm -maxi-read-trans=16 -mllvm -maxi-write-trans=16 -mllvm -maxi-read-burst-len=16 -mllvm -maxi-write-burst-len=16 -mllvm -reflow-enable-saxi-64bits=0 -mllvm -assume-maxi-align=64 -mllvm -no-unaligned-maxi-accesses=false -mllvm -reflow-pipeline-style-llvm-setting=0 -mllvm -disable-inlined-alloca-merging=true -mllvm -enable-reflow-vitis-flow-setting=true -x ir /mnt/castor/seas_home/t/tejasl/ESE5320_tejasl/ESE5320_Final_Project/project/LZW_Project/LZW_HW/.autopilot/db/a.g.ld.5.gdce.bc -o /mnt/castor/seas_home/t/tejasl/ESE5320_tejasl/ESE5320_Final_Project/project/LZW_Project/LZW_HW/.autopilot/db/a.g.lto.bc > /mnt/castor/seas_home/t/tejasl/ESE5320_tejasl/ESE5320_Final_Project/project/LZW_Project/LZW_HW/.autopilot/db/clang.a.g.ld.0.bc.out.log 2> /mnt/castor/seas_home/t/tejasl/ESE5320_tejasl/ESE5320_Final_Project/project/LZW_Project/LZW_HW/.autopilot/db/clang.a.g.ld.0.bc.err.log 
Command       ap_eval done; 0.17 sec.
INFO: [HLS 214-178] Inlining function 'MurmurHash2(unsigned char const*, int, unsigned int)' into 'LZW_encoding_HW(unsigned char*, unsigned int, unsigned int*)' (fpga/LZW_HW.cpp:51:0)
INFO: [HLS 214-178] Inlining function 'Murmur_find(unsigned int, int)' into 'LZW_encoding_HW(unsigned char*, unsigned int, unsigned int*)' (fpga/LZW_HW.cpp:51:0)
INFO-FLOW: DBG:CMD: copy_raw_kernel_xml ap_link_39: copying raw kernel.xml: /mnt/castor/seas_home/t/tejasl/ESE5320_tejasl/ESE5320_Final_Project/project/LZW_Project/LZW_HW/.autopilot/db/../../../kernel.xml -> /mnt/castor/seas_home/t/tejasl/ESE5320_tejasl/ESE5320_Final_Project/project/LZW_Project/LZW_HW/.autopilot/db/kernel.internal.xml
INFO: [HLS 200-111] Finished Compiling Optimization and Transform: CPU user time: 5.48 seconds. CPU system time: 0.35 seconds. Elapsed time: 6.21 seconds; current allocated memory: 211.153 MB.
INFO: [HLS 200-111] Finished Checking Pragmas: CPU user time: 0 seconds. CPU system time: 0 seconds. Elapsed time: 0 seconds; current allocated memory: 211.154 MB.
Execute       opt_and_import_c a -opt_level=2 -skip_syncheck=0 -ng=0 -keep_printf=0 
Execute         cleanup_all_models 
INFO: [HLS 200-10] Starting code transformations ...
INFO-FLOW: Running Standard Transforms...
Execute         transform -hls -share-std-xform -demangle-name -inline-byval-memcpy -always-inline -promote-dbg-pointer -interface-preproc -mem2reg -scalarrepl -mem2reg -keep-read-access -instcombine -dce -promote-dbg-pointer -bitop-raise -loop-simplify -indvarspre -indvars -loop-simplify -xunroll -constprop -instcombine -simplifycfg -indvars -simplifycfg -dce -globaldce -basicaa -simplifycfg -mem2reg -globalopt -global-constprop -deadargelim -instcombine -simplifycfg -scalarrepl -instcombine -reassociate -licm -simplifycfg -loop-simplify -indvars -instcombine -simplifycfg -mem2reg -loop-simplify -indvars -instcombine -gvn -gvn -instcombine -adce -break-crit-edges -simplifycfg -loop-delete -global-array-opt -dce -dse -adce -find-syn-modules -top LZW_encoding_HW -deadargelim -mem2reg -instcombine -dce -presyn-prepare -auto-rom-infer -interface-preproc -syn-check -check-rec-only -find-region -simplifycfg -func-extr -function-inline -globaldce -mem2reg -instcombine -dce -gvn -globaldce -adce -adse -constprop -instcombine -bit-constprop -instcombine -dce -simplifycfg -bitop-raise -simplifycfg -dce -loop-delete -reassociate -globalopt -global-privatize -mem2reg -dce -global-constprop -pointer-simplify -constprop -dce -func-inst -deadargelim -auto-shift-reg-idiom -promote-dbg-pointer -norm-name /mnt/castor/seas_home/t/tejasl/ESE5320_tejasl/ESE5320_Final_Project/project/LZW_Project/LZW_HW/.autopilot/db/a.g.0.bc -o /mnt/castor/seas_home/t/tejasl/ESE5320_tejasl/ESE5320_Final_Project/project/LZW_Project/LZW_HW/.autopilot/db/a.g.1.bc -f -phase std-opt 
INFO: [HLS 200-111] Finished Standard Transforms: CPU user time: 0.03 seconds. CPU system time: 0.01 seconds. Elapsed time: 0.08 seconds; current allocated memory: 212.820 MB.
INFO: [HLS 200-10] Checking synthesizability ...
INFO-FLOW: Checking Synthesizability 1/2..
Execute         transform -hls -syn-check -check-rec-only -disaggr -scalarrepl -norm-name -dce -mem2reg -instcombine -function-uniquify -directive-preproc -mem2reg -dse -dce -auto-rom-infer -dce -pag -array-normalize -instcombine -dce -array-seg-normalize -instcombine -dce -data-pack -instcombine -dce -inst-simplify -array-flatten -instcombine -dce -array-burst -dce -deadargelim -promote-global-argument -simplifycfg -mem2reg -globaldce -dce -deadargelim -dce -instcombine -function-inline -globaldce -dce -doublePtrSimplify -doublePtrElim -dce -doublePtrSimplify -promote-dbg-pointer -dce -scalarrepl -dse -adse -instcombine -ptrLegalization -simplifycfg -dce -instcombine -pointer-simplify -ptrArgReplace -dce -instcombine -resolve-double-ptr -disaggr -scalarrepl -norm-name -dce -mem2reg -instcombine -ptrLegalization -simplifycfg -deadargelim -instcombine -dce -inst-simplify -function-uniquify -directive-preproc -mem2reg -dse -dce -globaldce -check-dspbuiltin /mnt/castor/seas_home/t/tejasl/ESE5320_tejasl/ESE5320_Final_Project/project/LZW_Project/LZW_HW/.autopilot/db/a.g.1.bc -o /mnt/castor/seas_home/t/tejasl/ESE5320_tejasl/ESE5320_Final_Project/project/LZW_Project/LZW_HW/.autopilot/db/a.g.2.prechk.bc -f 
INFO-FLOW: Checking Synthesizability 2/2..
Execute         transform -syn-check /mnt/castor/seas_home/t/tejasl/ESE5320_tejasl/ESE5320_Final_Project/project/LZW_Project/LZW_HW/.autopilot/db/a.g.2.prechk.bc -o /mnt/castor/seas_home/t/tejasl/ESE5320_tejasl/ESE5320_Final_Project/project/LZW_Project/LZW_HW/.autopilot/db/a.g.2.bc -f -phase syn-check 
INFO: [HLS 200-111] Finished Checking Synthesizability: CPU user time: 0.03 seconds. CPU system time: 0 seconds. Elapsed time: 0.06 seconds; current allocated memory: 211.891 MB.
INFO-FLOW: Compiler optimizing ...
INFO-FLOW: Share syncheck's 1.bc for syn flow: copy /mnt/castor/seas_home/t/tejasl/ESE5320_tejasl/ESE5320_Final_Project/project/LZW_Project/LZW_HW/.autopilot/db/a.g.1.bc to /mnt/castor/seas_home/t/tejasl/ESE5320_tejasl/ESE5320_Final_Project/project/LZW_Project/LZW_HW/.autopilot/db/a.o.1.bc
INFO-FLOW: Presyn 1...
Execute         transform -hls -tmp /mnt/castor/seas_home/t/tejasl/ESE5320_tejasl/ESE5320_Final_Project/project/LZW_Project/LZW_HW/.autopilot/db -interface-port-rename -function-uniquify -directive-preproc -mem2reg -dse -dce -disaggr -scalarrepl -norm-name -deadargelim -mem2reg -instcombine -dce -simplifycfg -auto-rom-infer -dce -function-uniquify -resource-proc -clib-intrinsic-prepare -dce -func-buffer -dce -pag -array-normalize -func-legal -instcombine -gvn -constprop -dce -simplifycfg -mem2reg -globaldce -resolve-double-ptr -dce -deadargelim -dce -instcombine -ptrArgReplace -mem2reg -dce -array-seg-normalize -deadargelim -instcombine -dce -function-uniquify -directive-preproc -mem2reg -dse -dce -pointer-simplify -dce -port-alignment -dce -interface-preproc -data-pack -instcombine -dce -basicaa -aggr-aa -aggrmodref-aa -aggr-aa -gvn -gvn -basicaa -aggr-aa -aggrmodref-aa -aggr-aa -dse -adse -adce -loop-simplify -indvars -instcombine -gvn -loop-simplify -mem2reg -dce -find-region -instcombine -auto-loop-pipeline -inst-simplify -interface-preproc -cfgopt -instcombine -indvars -auto-loop-unroll -loop-simplify -loop-bound -xunroll -constprop -instcombine -simplifycfg -indvars -simplifycfg -dce -globaldce -clean-region -attach-range -gvn -inst-simplify -constprop -simplifycfg -dce -pointer-simplify -dce -globalopt -constprop -dce -array-promote -constprop -dce -ptrArgReplace -mem2reg -simplifycfg -dce -instcombine -dce -array-transform-check -array-reshape -instcombine -simplifycfg -dce -ptrArgReplace -deadargelim -mem2reg -instcombine -simplifycfg -dce -indvars -loop-simplify -loop-bound -xunroll -constprop -instcombine -simplifycfg -indvars -simplifycfg -dce -globaldce -basicaa -aggr-aa -aggrmodref-aa -aggr-aa -dse -duplicate-dataflow-processes -globaldce -instcombine -array-partition -instcombine -simplifycfg -dce -ptrArgReplace -global-constprop -deadargelim -mem2reg -func-legal -dce -global-constprop -deadargelim -mem2reg -simplifycfg -dce -merge-param -deadargelim -globalopt -constprop -dce -array-promote -constprop -dce -ptrArgReplace -mem2reg -simplifycfg -dce -mem-intrinsic-preproc -dce -global-internalize -global-privatize -mem2reg -globaldce -promote-global-argument -ptrArgReplace -mem2reg -dce -globalopt -mergereturn -simplify-global-access -mem2reg -dce -pointer-simplify -dce -functionattrs -basicaa -aggr-aa -aggrmodref-aa -aggr-aa -gvn -gvn -basicaa -aggr-aa -aggrmodref-aa -aggr-aa -dse -adse -adce -dce -norm-name -basicaa -aggr-aa -aggrmodref-aa -aggr-aa -accesses-merge -function-inline -complex-op-raise -inst-simplify -globaldce -func-inst -constprop -instcombine -simplifycfg -dce -func-legal -dce -loop-bound -arraycheck -bitwidthmin2 -bitwidthmin2 -on-by-dataflow -loop-delete -instcombine -simplifycfg -globaldce -dce -gvn -deadargelim -dce -loop-simplify -clean-region -simplifycfg -propagate-stable-arguments -loop-stream -instcombine -simplifycfg -dce -globaldce -duplicate-dataflow-processes -stream-intrinsic-preproc -dce -check-ap-stream -loop-simplify -eliminate-keepreads -extract-dataflow-in-loop -loop-simplify -dce -gvn -deadargelim -dse -check-dataflow-syntax -legalize-stream-variable -legalize-global -extract-subproc -dce -dead-channel-elimination -canonicalize-gep -globaldce -dce -gvn -hls-dead-arg-elim -deadargelim -directive-preproc -annotate-dataflow-channels -scalar-propagation -deadargelim -globaldce -mem2reg -check-dataflow-channels -function-stream -dce -globaldce -prop-fifo-spec -internal-stream-gen -canonicalize-gep -globaldce -dce -gvn -deadargelim -mergereturn -indvars -loop-simplify -instcombine -array-stream -array-seg-normalize -array-partition -func-legal -instcombine -simplifycfg -dce -bundle-memfifo-ops -deadargelim -function-uniquify -directive-preproc -mem2reg -dse -dce -group-axi-access -licm -simplifycfg -dce -loop-delete -norm-name /mnt/castor/seas_home/t/tejasl/ESE5320_tejasl/ESE5320_Final_Project/project/LZW_Project/LZW_HW/.autopilot/db/a.o.1.bc -o /mnt/castor/seas_home/t/tejasl/ESE5320_tejasl/ESE5320_Final_Project/project/LZW_Project/LZW_HW/.autopilot/db/a.o.1.tmp.bc -f 
INFO: [XFORM 203-510] Pipelining loop 'VITIS_LOOP_62_1' (fpga/LZW_HW.cpp:11) in function 'LZW_encoding_HW' automatically.
INFO: [XFORM 203-502] Unrolling all sub-loops inside loop 'VITIS_LOOP_75_2' (fpga/LZW_HW.cpp:55) in function 'LZW_encoding_HW' for pipelining.
WARNING: [HLS 200-936] Cannot unroll loop 'VITIS_LOOP_37_1' (fpga/LZW_HW.cpp:37) in function 'LZW_encoding_HW': cannot completely unroll a loop with a variable trip count.
WARNING: [HLS 200-936] Cannot unroll loop 'VITIS_LOOP_37_1' (fpga/LZW_HW.cpp:37) in function 'LZW_encoding_HW': cannot completely unroll a loop with a variable trip count.
WARNING: [HLS 200-936] Cannot unroll loop 'VITIS_LOOP_37_1' (fpga/LZW_HW.cpp:37) in function 'LZW_encoding_HW': cannot completely unroll a loop with a variable trip count.
Command         transform done; 0.25 sec.
INFO-FLOW: Presyn 2...
Execute         transform -hls -keep-callgraph -scalarrepl -mem2reg -port-alignment -attach-range -dce -pipe-mux-gen -indvars -loop-bound -inst-simplify -instcombine -dce -merge-array-access -mem2reg -dce -clean-region -mergereturn -if-conv -instcombine -dce -constprop -basicaa -aggr-aa -aggrmodref-aa -aggr-aa -gvn -gvn -basicaa -aggr-aa -aggrmodref-aa -aggr-aa -dse -adse -adce -scalarrepl -mem2reg -global-constprop -deadargelim -deadargelim -instcombine -dce -simplifycfg -ptrArgReplace -mem2reg -function-inline -globaldce -mem2reg -instcombine -dce -expr-balance -instcombine -dce -bitwidthmin2 -bitwidthmin2 -interface-preproc -directive-preproc -inst-rectify -instcombine -dce -functionattrs -constprop -instcombine -bit-constprop -simplify-global-access -globalopt -globaldce -inst-simplify -instcombine -elimdeaddata -dce -loop-delete -simplifycfg -loop-simplify -auto-burst -barrier -norm-name /mnt/castor/seas_home/t/tejasl/ESE5320_tejasl/ESE5320_Final_Project/project/LZW_Project/LZW_HW/.autopilot/db/a.o.1.tmp.bc -o /mnt/castor/seas_home/t/tejasl/ESE5320_tejasl/ESE5320_Final_Project/project/LZW_Project/LZW_HW/.autopilot/db/a.o.2.bc -f -phase presyn 
INFO: [XFORM 203-401] Performing if-conversion on hyperblock from (fpga/LZW_HW.cpp:81:44) to (fpga/LZW_HW.cpp:37:22) in function 'LZW_encoding_HW'... converting 5 basic blocks.
INFO: [XFORM 203-401] Performing if-conversion on hyperblock from (fpga/LZW_HW.cpp:11:47) to (fpga/LZW_HW.cpp:37:22) in function 'LZW_encoding_HW'... converting 5 basic blocks.
INFO: [XFORM 203-11] Balancing expressions in function 'LZW_encoding_HW' (fpga/LZW_HW.cpp:50)...6 expression(s) balanced.
Command         transform done; 0.14 sec.
INFO: [HLS 200-111] Finished Loop, function and other optimizations: CPU user time: 0.29 seconds. CPU system time: 0.02 seconds. Elapsed time: 0.42 seconds; current allocated memory: 232.875 MB.
Execute         get_config_compile -enable_loop_extract 
Execute         get_config_compile -disable_auto_rewind 
Execute         get_config_compile -enable_auto_rewind 
INFO-FLOW: Building ssdm...
Execute         transform -hls -function-uniquify -auto-function-inline -globaldce -ptrArgReplace -mem2reg -dce -reset-lda -loop-simplify -indvars -aggr-aa -licm -loop-dep -loop-bound -licm -loop-simplify -flattenloopnest -array-flatten -gvn -instcombine -dce -array-map -dce -func-legal -gvn -adce -instcombine -cfgopt -simplifycfg -loop-simplify -array-burst -promote-global-argument -dce -array-seg-normalize -basicaa -aggrmodref-aa -globalsmodref-aa -aggr-aa -gvn -gvn -basicaa -aggrmodref-aa -globalsmodref-aa -aggr-aa -dse -adse -adce -licm -inst-simplify -dce -globaldce -instcombine -array-stream -eliminate-keepreads -instcombine -dce -deadargelim -doublePtrSimplify -doublePtrElim -dce -doublePtrSimplify -promote-dbg-pointer -dce -scalarrepl -mem2reg -disaggr -norm-name -mem2reg -instcombine -dse -adse -adce -ptrLegalization -dce -auto-rom-infer -array-flatten -dce -instcombine -check-doubleptr -loop-rot -constprop -cfgopt -simplifycfg -loop-simplify -indvars -pointer-simplify -dce -loop-bound -loop-simplify -loop-preproc -constprop -global-constprop -gvn -mem2reg -instcombine -dce -loop-bound -loop-merge -dce -bitwidthmin2 -bitwidthmin2 -deadargelim -dce -canonicalize-dataflow -dce -scalar-propagation -deadargelim -globaldce -mem2reg -read-loop-dep -interface-preproc -directive-preproc -interface-gen -bram-byte-enable -deadargelim -inst-simplify -dce -gvn -mem2reg -instcombine -dce -adse -loop-bound -instcombine -cfgopt -simplifycfg -loop-simplify -clean-region -io-protocol -find-region -mem2reg -bitop-raise -complex-op-raise -inst-simplify -inst-rectify -instcombine -adce -deadargelim -loop-simplify -phi-opt -bitop-raise -cfgopt -simplifycfg -strip-dead-prototypes -interface-lower -bitop-lower -intrinsic-lower -auto-function-inline -basicaa -aggrmodref-aa -globalsmodref-aa -aggr-aa -inst-simplify -simplifycfg -loop-simplify -mergereturn -inst-simplify -inst-rectify -dce -load-elim -bitop-lower -float-op-raise -loop-rewind -pointer-simplify -dce -cfgopt -dce -loop-bound -loop-dep -read-loop-dep -dce -dyn-mem-reuse -dce -check-stream -norm-name -legalize -validate-dataflow -inst-clarity -bitwidth -dump-loop-dep-to-ir -check-all-ssdm -cdfg-build /mnt/castor/seas_home/t/tejasl/ESE5320_tejasl/ESE5320_Final_Project/project/LZW_Project/LZW_HW/.autopilot/db/a.o.2.bc -o /mnt/castor/seas_home/t/tejasl/ESE5320_tejasl/ESE5320_Final_Project/project/LZW_Project/LZW_HW/.autopilot/db/a.o.3.bc -f -phase build-ssdm 
WARNING: [HLS 200-960] Cannot flatten loop 'VITIS_LOOP_75_2' (fpga/LZW_HW.cpp:55:18) in function 'LZW_encoding_HW' more than one sub loop.
INFO: [HLS 200-472] Inferring partial write operation for 'table' (fpga/LZW_HW.cpp:65:18)
INFO: [HLS 200-472] Inferring partial write operation for 'substring_array' (fpga/LZW_HW.cpp:71:44)
INFO: [HLS 200-472] Inferring partial write operation for 'substring_array' (fpga/LZW_HW.cpp:81:48)
INFO: [HLS 200-472] Inferring partial write operation for 'table' (fpga/LZW_HW.cpp:104:25)
INFO: [HLS 200-472] Inferring partial write operation for 'substring_array' (fpga/LZW_HW.cpp:107:52)
Command         transform done; 0.19 sec.
INFO: [HLS 200-111] Finished Architecture Synthesis: CPU user time: 0.17 seconds. CPU system time: 0 seconds. Elapsed time: 0.21 seconds; current allocated memory: 226.758 MB.
INFO-FLOW: Finish building internal data model.
Command       opt_and_import_c done; 0.78 sec.
Command     elaborate done; 7.68 sec.
Execute     autosyn -from_csynth_design=1 
INFO: [HLS 200-10] Starting hardware synthesis ...
INFO-FLOW: Synthesizing C/C++ design ...
INFO: [HLS 200-10] Synthesizing 'LZW_encoding_HW' ...
Execute       ap_set_top_model LZW_encoding_HW 
Execute       get_model_list LZW_encoding_HW -filter all-wo-channel -topdown 
Execute       preproc_iomode -model LZW_encoding_HW 
Execute       get_model_list LZW_encoding_HW -filter all-wo-channel 
INFO-FLOW: Model list for configure: LZW_encoding_HW
INFO-FLOW: Configuring Module : LZW_encoding_HW ...
Execute       set_default_model LZW_encoding_HW 
Execute       apply_spec_resource_limit LZW_encoding_HW 
INFO-FLOW: Model list for preprocess: LZW_encoding_HW
INFO-FLOW: Preprocessing Module: LZW_encoding_HW ...
Execute       set_default_model LZW_encoding_HW 
Execute       cdfg_preprocess -model LZW_encoding_HW 
Execute       rtl_gen_preprocess LZW_encoding_HW 
WARNING: [SYN 201-107] Renaming port name 'LZW_encoding_HW/table' to 'LZW_encoding_HW/table_r' to avoid the conflict with HDL keywords or other object names.
INFO-FLOW: Model list for synthesis: LZW_encoding_HW
INFO: [HLS 200-10] ----------------------------------------------------------------
INFO: [HLS 200-42] -- Implementing module 'LZW_encoding_HW' 
INFO: [HLS 200-10] ----------------------------------------------------------------
Execute       set_default_model LZW_encoding_HW 
Execute       schedule -model LZW_encoding_HW 
INFO: [SCHED 204-11] Starting scheduling ...
INFO: [SCHED 204-61] Pipelining loop 'VITIS_LOOP_62_1'.
INFO: [HLS 200-1470] Pipelining result : Target II = 1, Final II = 1, Depth = 3, loop 'VITIS_LOOP_62_1'
WARNING: [SCHED 204-65] Unable to satisfy pipeline directive for loop 'VITIS_LOOP_75_2': contains subloop(s) that are not unrolled or flattened.
INFO: [SCHED 204-11] Finished scheduling.
Command       schedule done; 0.71 sec.
INFO: [HLS 200-111] Finished Scheduling: CPU user time: 0.7 seconds. CPU system time: 0 seconds. Elapsed time: 0.75 seconds; current allocated memory: 228.232 MB.
Execute       syn_report -verbosereport -o /mnt/castor/seas_home/t/tejasl/ESE5320_tejasl/ESE5320_Final_Project/project/LZW_Project/LZW_HW/.autopilot/db/LZW_encoding_HW.verbose.sched.rpt 
Execute         AP::get_flow_target_display_name
Execute           get_solution -flow_target 
Command       syn_report done; 0.74 sec.
Execute       db_write -o /mnt/castor/seas_home/t/tejasl/ESE5320_tejasl/ESE5320_Final_Project/project/LZW_Project/LZW_HW/.autopilot/db/LZW_encoding_HW.sched.adb -f 
INFO-FLOW: Finish scheduling LZW_encoding_HW.
Execute       set_default_model LZW_encoding_HW 
Execute       bind -model LZW_encoding_HW 
INFO: [BIND 205-100] Starting micro-architecture generation ...
INFO: [BIND 205-101] Performing variable lifetime analysis.
INFO: [BIND 205-101] Exploring resource sharing.
INFO: [BIND 205-101] Binding ...
INFO: [BIND 205-100] Finished micro-architecture generation.
Command       bind done; 0.47 sec.
INFO: [HLS 200-111] Finished Binding: CPU user time: 1.16 seconds. CPU system time: 0.02 seconds. Elapsed time: 1.23 seconds; current allocated memory: 230.243 MB.
Execute       syn_report -verbosereport -o /mnt/castor/seas_home/t/tejasl/ESE5320_tejasl/ESE5320_Final_Project/project/LZW_Project/LZW_HW/.autopilot/db/LZW_encoding_HW.verbose.bind.rpt 
Execute         AP::get_flow_target_display_name
Execute           get_solution -flow_target 
Command       syn_report done; 0.38 sec.
Execute       db_write -o /mnt/castor/seas_home/t/tejasl/ESE5320_tejasl/ESE5320_Final_Project/project/LZW_Project/LZW_HW/.autopilot/db/LZW_encoding_HW.bind.adb -f 
INFO-FLOW: Finish binding LZW_encoding_HW.
Execute       get_model_list LZW_encoding_HW -filter all-wo-channel 
INFO-FLOW: Preprocessing for RTLGen ...
Execute       rtl_gen_preprocess LZW_encoding_HW 
INFO-FLOW: Model list for RTL generation: LZW_encoding_HW
INFO: [HLS 200-10] ----------------------------------------------------------------
INFO: [HLS 200-10] -- Generating RTL for module 'LZW_encoding_HW' 
INFO: [HLS 200-10] ----------------------------------------------------------------
Execute       get_config_rtl -module_prefix 
Execute       get_config_rtl -module_prefix 
Execute       get_config_rtl -module_auto_prefix 
Execute       create_rtl_model LZW_encoding_HW -top_prefix  -sub_prefix LZW_encoding_HW_ -mg_file /mnt/castor/seas_home/t/tejasl/ESE5320_tejasl/ESE5320_Final_Project/project/LZW_Project/LZW_HW/.autopilot/db/LZW_encoding_HW.compgen.tcl 
WARNING: [RTGEN 206-101] Design contains AXI ports. Reset is fixed to synchronous and active low.
INFO: [RTGEN 206-500] Setting interface mode on port 'LZW_encoding_HW/gmem' to 'm_axi'.
INFO: [RTGEN 206-500] Setting interface mode on port 'LZW_encoding_HW/data_in' to 's_axilite & ap_none'.
INFO: [RTGEN 206-500] Setting interface mode on port 'LZW_encoding_HW/len' to 's_axilite & ap_none'.
INFO: [RTGEN 206-500] Setting interface mode on port 'LZW_encoding_HW/data_out' to 's_axilite & ap_none'.
INFO: [RTGEN 206-500] Setting interface mode on function 'LZW_encoding_HW' to 's_axilite & ap_ctrl_chain'.
INFO: [RTGEN 206-100] Bundling port 'data_in', 'len', 'data_out' to AXI-Lite port control.
INFO: [RTGEN 206-100] Generating core module 'mul_32s_32ns_32_1_1': 7 instance(s).
INFO: [RTGEN 206-100] Generating core module 'mul_8ns_32ns_32_1_1': 1 instance(s).
INFO: [RTGEN 206-100] Finished creating RTL model for 'LZW_encoding_HW'.
Command       create_rtl_model done; 0.19 sec.
INFO: [HLS 200-111] Finished Creating RTL model: CPU user time: 0.51 seconds. CPU system time: 0.04 seconds. Elapsed time: 0.65 seconds; current allocated memory: 234.546 MB.
Execute       source /mnt/castor/seas_home/t/tejasl/ESE5320_tejasl/ESE5320_Final_Project/project/LZW_Project/LZW_HW/.autopilot/db/LZW_encoding_HW.rtl_wrap.cfg.tcl 
Execute       gen_rtl LZW_encoding_HW -istop -style xilinx -f -lang vhdl -o /mnt/castor/seas_home/t/tejasl/ESE5320_tejasl/ESE5320_Final_Project/project/LZW_Project/LZW_HW/syn/vhdl/LZW_encoding_HW 
Command       gen_rtl done; 0.2 sec.
Execute       gen_rtl LZW_encoding_HW -istop -style xilinx -f -lang vlog -o /mnt/castor/seas_home/t/tejasl/ESE5320_tejasl/ESE5320_Final_Project/project/LZW_Project/LZW_HW/syn/verilog/LZW_encoding_HW 
Command       gen_rtl done; 0.12 sec.
Execute       syn_report -csynth -model LZW_encoding_HW -o /mnt/castor/seas_home/t/tejasl/ESE5320_tejasl/ESE5320_Final_Project/project/LZW_Project/LZW_HW/syn/report/LZW_encoding_HW_csynth.rpt 
Execute         AP::get_flow_target_display_name
Execute           get_solution -flow_target 
Command       syn_report done; 0.13 sec.
Execute       syn_report -rtlxml -model LZW_encoding_HW -o /mnt/castor/seas_home/t/tejasl/ESE5320_tejasl/ESE5320_Final_Project/project/LZW_Project/LZW_HW/syn/report/LZW_encoding_HW_csynth.xml 
Execute         get_solution -flow_target
Execute           get_solution -flow_target 
Execute       syn_report -verbosereport -model LZW_encoding_HW -o /mnt/castor/seas_home/t/tejasl/ESE5320_tejasl/ESE5320_Final_Project/project/LZW_Project/LZW_HW/.autopilot/db/LZW_encoding_HW.verbose.rpt 
Execute         AP::get_flow_target_display_name
Execute           get_solution -flow_target 
Command       syn_report done; 0.48 sec.
Execute       db_write -model LZW_encoding_HW -f -o /mnt/castor/seas_home/t/tejasl/ESE5320_tejasl/ESE5320_Final_Project/project/LZW_Project/LZW_HW/.autopilot/db/LZW_encoding_HW.adb 
Command       db_write done; 0.19 sec.
Execute       gen_tb_info LZW_encoding_HW -p /mnt/castor/seas_home/t/tejasl/ESE5320_tejasl/ESE5320_Final_Project/project/LZW_Project/LZW_HW/.autopilot/db -o /mnt/castor/seas_home/t/tejasl/ESE5320_tejasl/ESE5320_Final_Project/project/LZW_Project/LZW_HW/.autopilot/db/LZW_encoding_HW 
Execute       export_constraint_db -f -tool general -o /mnt/castor/seas_home/t/tejasl/ESE5320_tejasl/ESE5320_Final_Project/project/LZW_Project/LZW_HW/.autopilot/db/LZW_encoding_HW.constraint.tcl 
Execute       syn_report -designview -model LZW_encoding_HW -o /mnt/castor/seas_home/t/tejasl/ESE5320_tejasl/ESE5320_Final_Project/project/LZW_Project/LZW_HW/.autopilot/db/LZW_encoding_HW.design.xml 
Command       syn_report done; 0.15 sec.
Execute       syn_report -csynthDesign -model LZW_encoding_HW -o /mnt/castor/seas_home/t/tejasl/ESE5320_tejasl/ESE5320_Final_Project/project/LZW_Project/LZW_HW/syn/report/csynth.rpt 
Execute         AP::get_flow_target_display_name
Execute           get_solution -flow_target 
Execute       get_config_rtl -disable_wave_debug 
Execute       syn_report -wcfg -model LZW_encoding_HW -o /mnt/castor/seas_home/t/tejasl/ESE5320_tejasl/ESE5320_Final_Project/project/LZW_Project/LZW_HW/.autopilot/db/LZW_encoding_HW_dataflow_ana.wcfg 
Execute       syn_report -protoinst -model LZW_encoding_HW -o /mnt/castor/seas_home/t/tejasl/ESE5320_tejasl/ESE5320_Final_Project/project/LZW_Project/LZW_HW/.autopilot/db/LZW_encoding_HW.protoinst 
Execute       get_config_debug -directory 
Execute       sc_get_clocks LZW_encoding_HW 
Execute       get_config_export -vivado_clock 
Execute       get_config_rtl -module_prefix 
Execute       get_config_rtl -module_prefix 
Execute       get_config_rtl -module_auto_prefix 
Execute       sc_get_portdomain LZW_encoding_HW 
INFO-FLOW: Model list for RTL component generation: LZW_encoding_HW
INFO-FLOW: Handling components in module [LZW_encoding_HW] ... 
Execute       source /mnt/castor/seas_home/t/tejasl/ESE5320_tejasl/ESE5320_Final_Project/project/LZW_Project/LZW_HW/.autopilot/db/LZW_encoding_HW.compgen.tcl 
INFO-FLOW: Found component LZW_encoding_HW_mul_8ns_32ns_32_1_1.
INFO-FLOW: Append model LZW_encoding_HW_mul_8ns_32ns_32_1_1
INFO-FLOW: Found component LZW_encoding_HW_mul_32s_32ns_32_1_1.
INFO-FLOW: Append model LZW_encoding_HW_mul_32s_32ns_32_1_1
INFO-FLOW: Found component LZW_encoding_HW_table_r.
INFO-FLOW: Append model LZW_encoding_HW_table_r
INFO-FLOW: Found component LZW_encoding_HW_substring_array.
INFO-FLOW: Append model LZW_encoding_HW_substring_array
INFO-FLOW: Found component LZW_encoding_HW_control_s_axi.
INFO-FLOW: Append model LZW_encoding_HW_control_s_axi
INFO-FLOW: Found component LZW_encoding_HW_gmem_m_axi.
INFO-FLOW: Append model LZW_encoding_HW_gmem_m_axi
INFO-FLOW: Append model LZW_encoding_HW
INFO-FLOW: Generating RTL model list ...
INFO-FLOW: All models in this session: LZW_encoding_HW_mul_8ns_32ns_32_1_1 LZW_encoding_HW_mul_32s_32ns_32_1_1 LZW_encoding_HW_table_r LZW_encoding_HW_substring_array LZW_encoding_HW_control_s_axi LZW_encoding_HW_gmem_m_axi LZW_encoding_HW
INFO-FLOW: To file: write model LZW_encoding_HW_mul_8ns_32ns_32_1_1
INFO-FLOW: To file: write model LZW_encoding_HW_mul_32s_32ns_32_1_1
INFO-FLOW: To file: write model LZW_encoding_HW_table_r
INFO-FLOW: To file: write model LZW_encoding_HW_substring_array
INFO-FLOW: To file: write model LZW_encoding_HW_control_s_axi
INFO-FLOW: To file: write model LZW_encoding_HW_gmem_m_axi
INFO-FLOW: To file: write model LZW_encoding_HW
INFO-FLOW: Finished generating RTL model list.


INFO-FLOW: RTL Generation done.
INFO-FLOW: CAS Generation done.
INFO-FLOW: CBC Generation done.
Execute       get_top 
Execute       get_config_export -ipname 
Execute       get_config_export -xo 
Execute       get_config_export -format 
Execute       get_config_rtl -module_auto_prefix 
INFO-FLOW: DBG:CMD:   auto_impl: set ipname to top (module_auto_prefix): LZW_encoding_HW
INFO-FLOW: DBG:CMD: auto_generate_csynth_design
INFO-FLOW: DBG:CMD:     auto_generate --sim-model -phase csynth_design -d /mnt/castor/seas_home/t/tejasl/ESE5320_tejasl/ESE5320_Final_Project/project/LZW_Project/LZW_HW
Execute       get_solution -flow_target 
Execute       source /mnt/castor/seas_home/t/tejasl/ESE5320_tejasl/ESE5320_Final_Project/project/LZW_Project/LZW_HW/.autopilot/db/global.setting.tcl 
INFO-FLOW: DBG:CMD: read_platform_lib /mnt/castor/seas_home/t/tejasl/ESE5320_tejasl/ESE5320_Final_Project/project/LZW_Project/LZW_HW/.autopilot/db/global.setting.tcl
Execute       source /mnt/pollux/software/xilinx/2020.2/Vitis_HLS/2020.2/common/technology/generic/autopilot/common.gen 
Execute         source /mnt/pollux/software/xilinx/2020.2/Vitis_HLS/2020.2/common/technology/generic/autopilot/APCoreGen.gen 
Execute       source /mnt/pollux/software/xilinx/2020.2/Vitis_HLS/2020.2/common/technology/generic/autopilot/op.gen 
Execute       source /mnt/pollux/software/xilinx/2020.2/Vitis_HLS/2020.2/common/technology/generic/autopilot/op_simcore.gen 
Execute       source /mnt/pollux/software/xilinx/2020.2/Vitis_HLS/2020.2/common/technology/generic/autopilot/interface.gen 
Execute       source /mnt/castor/seas_home/t/tejasl/ESE5320_tejasl/ESE5320_Final_Project/project/LZW_Project/LZW_HW/.autopilot/db/global.setting.tcl 
Execute       source /mnt/pollux/software/xilinx/2020.2/Vitis_HLS/2020.2/common/technology/xilinx/common/xilinx.gen 
Execute         source /mnt/pollux/software/xilinx/2020.2/Vitis_HLS/2020.2/common/technology/xilinx/interface/plb46.gen 
Execute         source /mnt/pollux/software/xilinx/2020.2/Vitis_HLS/2020.2/common/technology/xilinx/interface/axi4.gen 
Execute         source /mnt/pollux/software/xilinx/2020.2/Vitis_HLS/2020.2/common/technology/xilinx/interface/nativeAXI4.gen 
Execute           source /mnt/pollux/software/xilinx/2020.2/Vitis_HLS/2020.2/common/technology/xilinx/interface/saxilite.gen 
Execute           source /mnt/pollux/software/xilinx/2020.2/Vitis_HLS/2020.2/common/technology/xilinx/interface/maxi.gen 
Execute         source /mnt/pollux/software/xilinx/2020.2/Vitis_HLS/2020.2/common/technology/xilinx/scripts/xilinxcoregen.gen 
Execute         source /mnt/pollux/software/xilinx/2020.2/Vitis_HLS/2020.2/common/technology/xilinx/interface/XilEDKCoreGen.gen 
Execute         source /mnt/pollux/software/xilinx/2020.2/Vitis_HLS/2020.2/common/technology/xilinx/ip/dds_compiler.gen 
Execute         source /mnt/pollux/software/xilinx/2020.2/Vitis_HLS/2020.2/common/technology/xilinx/ip/util.gen 
Execute         source /mnt/pollux/software/xilinx/2020.2/Vitis_HLS/2020.2/common/technology/xilinx/ip/xfft.gen 
Command         ap_source done; 0.11 sec.
Execute         source /mnt/pollux/software/xilinx/2020.2/Vitis_HLS/2020.2/common/technology/xilinx/ip/xfir.gen 
Execute         source /mnt/pollux/software/xilinx/2020.2/Vitis_HLS/2020.2/common/technology/xilinx/DSP48/dsp48.gen 
Command       ap_source done; 0.18 sec.
Execute       source /mnt/pollux/software/xilinx/2020.2/Vitis_HLS/2020.2/common/technology/xilinx/common/xilinx.gen 
Execute         source /mnt/pollux/software/xilinx/2020.2/Vitis_HLS/2020.2/common/technology/xilinx/interface/plb46.gen 
Execute         source /mnt/pollux/software/xilinx/2020.2/Vitis_HLS/2020.2/common/technology/xilinx/interface/axi4.gen 
Execute         source /mnt/pollux/software/xilinx/2020.2/Vitis_HLS/2020.2/common/technology/xilinx/interface/nativeAXI4.gen 
Execute           source /mnt/pollux/software/xilinx/2020.2/Vitis_HLS/2020.2/common/technology/xilinx/interface/saxilite.gen 
Execute           source /mnt/pollux/software/xilinx/2020.2/Vitis_HLS/2020.2/common/technology/xilinx/interface/maxi.gen 
Execute         source /mnt/pollux/software/xilinx/2020.2/Vitis_HLS/2020.2/common/technology/xilinx/scripts/xilinxcoregen.gen 
Execute         source /mnt/pollux/software/xilinx/2020.2/Vitis_HLS/2020.2/common/technology/xilinx/interface/XilEDKCoreGen.gen 
Execute         source /mnt/pollux/software/xilinx/2020.2/Vitis_HLS/2020.2/common/technology/xilinx/ip/dds_compiler.gen 
Execute         source /mnt/pollux/software/xilinx/2020.2/Vitis_HLS/2020.2/common/technology/xilinx/ip/util.gen 
Execute         source /mnt/pollux/software/xilinx/2020.2/Vitis_HLS/2020.2/common/technology/xilinx/ip/xfft.gen 
Execute         source /mnt/pollux/software/xilinx/2020.2/Vitis_HLS/2020.2/common/technology/xilinx/ip/xfir.gen 
Execute         source /mnt/pollux/software/xilinx/2020.2/Vitis_HLS/2020.2/common/technology/xilinx/DSP48/dsp48.gen 
Command       ap_source done; 0.15 sec.
INFO-FLOW: DBG:CMD:   using AESL_AUTOCG::g_clock_period=6.667 (was NA)
INFO-FLOW: DBG:CMD:       generate_ip_cores sim=1 export=0 expOnly=0 dstVlogDir=syn/verilog
Execute       source /mnt/castor/seas_home/t/tejasl/ESE5320_tejasl/ESE5320_Final_Project/project/LZW_Project/LZW_HW/.autopilot/db/global.setting.tcl 
Execute       ap_part_info -name xczu3eg-sbva484-1-i -data names -quiet 
Execute       ap_part_info -name xczu3eg-sbva484-1-i -data info -quiet 
Execute       source /mnt/castor/seas_home/t/tejasl/ESE5320_tejasl/ESE5320_Final_Project/project/LZW_Project/LZW_HW/.autopilot/db/global.setting.tcl 
Execute       source /mnt/castor/seas_home/t/tejasl/ESE5320_tejasl/ESE5320_Final_Project/project/LZW_Project/LZW_HW/.autopilot/db/global.setting.tcl 
Execute       source /mnt/castor/seas_home/t/tejasl/ESE5320_tejasl/ESE5320_Final_Project/project/LZW_Project/LZW_HW/.autopilot/db/LZW_encoding_HW.compgen.tcl 
Execute         ap_part_info -name xczu3eg-sbva484-1-i -data names -quiet 
Execute         ap_part_info -name xczu3eg-sbva484-1-i -data info -quiet 
Execute         ap_part_info -name xczu3eg-sbva484-1-i -data names -quiet 
Execute         ap_part_info -name xczu3eg-sbva484-1-i -data info -quiet 
INFO: [RTMG 210-282] Generating pipelined core: 'LZW_encoding_HW_mul_8ns_32ns_32_1_1_Multiplier_0'
Execute         ap_part_info -name xczu3eg-sbva484-1-i -data names -quiet 
Execute         ap_part_info -name xczu3eg-sbva484-1-i -data info -quiet 
Execute         ap_part_info -name xczu3eg-sbva484-1-i -data names -quiet 
Execute         ap_part_info -name xczu3eg-sbva484-1-i -data info -quiet 
INFO: [RTMG 210-282] Generating pipelined core: 'LZW_encoding_HW_mul_32s_32ns_32_1_1_Multiplier_1'
INFO: [RTMG 210-278] Implementing memory 'LZW_encoding_HW_table_r_ram (RAM)' using auto RAMs with power-on initialization.
Execute         ap_part_info -name xczu3eg-sbva484-1-i -data names -quiet 
Execute         ap_part_info -name xczu3eg-sbva484-1-i -data info -quiet 
INFO: [RTMG 210-278] Implementing memory 'LZW_encoding_HW_substring_array_ram (RAM)' using auto RAMs.
Execute         ap_part_info -name xczu3eg-sbva484-1-i -data names -quiet 
Execute         ap_part_info -name xczu3eg-sbva484-1-i -data info -quiet 
Execute         source ./control.slave.tcl 
Execute         ap_part_info -name xczu3eg-sbva484-1-i -data names -quiet 
Execute         ap_part_info -name xczu3eg-sbva484-1-i -data info -quiet 
Command       ap_source done; 0.72 sec.
Execute       get_solution -flow_target 
Execute       source /mnt/castor/seas_home/t/tejasl/ESE5320_tejasl/ESE5320_Final_Project/project/LZW_Project/LZW_HW/.autopilot/db/global.setting.tcl 
INFO-FLOW: DBG:CMD:       kernel.xml check internal_kernel_xml(1)=/mnt/castor/seas_home/t/tejasl/ESE5320_tejasl/ESE5320_Final_Project/project/LZW_Project/LZW_HW/.autopilot/db/kernel.internal.xml srclang=c top=LZW_encoding_HW
INFO-FLOW: DBG:CMD:       kernel.xml check proj_kernel_xml    (1)=/mnt/castor/seas_home/t/tejasl/ESE5320_tejasl/ESE5320_Final_Project/project/LZW_Project/LZW_HW/.autopilot/db/../../../kernel.xml use_proj_kernel_xml=false
INFO-FLOW: DBG:CMD:       copy internal kernel.xml to project: /mnt/castor/seas_home/t/tejasl/ESE5320_tejasl/ESE5320_Final_Project/project/LZW_Project/LZW_HW/.autopilot/db/../../../kernel.xml
INFO-FLOW: DBG:CMD:       update_final_kernel_xml /mnt/castor/seas_home/t/tejasl/ESE5320_tejasl/ESE5320_Final_Project/project/LZW_Project/LZW_HW/.autopilot/db/../../../kernel.xml
Execute       get_config_debug -enable 
Execute       ap_part_info -name xczu3eg-sbva484-1-i -data names -quiet 
Execute       ap_part_info -name xczu3eg-sbva484-1-i -data info -quiet 
INFO-FLOW: DBG:CMD: Updating /mnt/castor/seas_home/t/tejasl/ESE5320_tejasl/ESE5320_Final_Project/project/LZW_Project/LZW_HW/.autopilot/db/../../../kernel.xml with values: interrupt true debug false compileOptions {} name LZW_encoding_HW vlnv xilinx.com:hls:LZW_encoding_HW:1.0
INFO-FLOW: DBG:CMD:     auto_generate -export -impltomg_flag -rtl both -tool Vivado -pcore_version 1.00.a -phase csynth_design -d /mnt/castor/seas_home/t/tejasl/ESE5320_tejasl/ESE5320_Final_Project/project/LZW_Project/LZW_HW
Execute       get_solution -flow_target 
Execute       source /mnt/castor/seas_home/t/tejasl/ESE5320_tejasl/ESE5320_Final_Project/project/LZW_Project/LZW_HW/.autopilot/db/global.setting.tcl 
INFO-FLOW: DBG:CMD: read_platform_lib /mnt/castor/seas_home/t/tejasl/ESE5320_tejasl/ESE5320_Final_Project/project/LZW_Project/LZW_HW/.autopilot/db/global.setting.tcl
Execute       source /mnt/pollux/software/xilinx/2020.2/Vitis_HLS/2020.2/common/technology/generic/autopilot/common.gen 
Execute         source /mnt/pollux/software/xilinx/2020.2/Vitis_HLS/2020.2/common/technology/generic/autopilot/APCoreGen.gen 
Execute       source /mnt/pollux/software/xilinx/2020.2/Vitis_HLS/2020.2/common/technology/generic/autopilot/op.gen 
Execute       source /mnt/pollux/software/xilinx/2020.2/Vitis_HLS/2020.2/common/technology/generic/autopilot/op_simcore.gen 
Execute       source /mnt/pollux/software/xilinx/2020.2/Vitis_HLS/2020.2/common/technology/generic/autopilot/interface.gen 
Execute       source /mnt/castor/seas_home/t/tejasl/ESE5320_tejasl/ESE5320_Final_Project/project/LZW_Project/LZW_HW/.autopilot/db/global.setting.tcl 
Execute       source /mnt/pollux/software/xilinx/2020.2/Vitis_HLS/2020.2/common/technology/xilinx/common/xilinx.gen 
Execute         source /mnt/pollux/software/xilinx/2020.2/Vitis_HLS/2020.2/common/technology/xilinx/interface/plb46.gen 
Execute         source /mnt/pollux/software/xilinx/2020.2/Vitis_HLS/2020.2/common/technology/xilinx/interface/axi4.gen 
Execute         source /mnt/pollux/software/xilinx/2020.2/Vitis_HLS/2020.2/common/technology/xilinx/interface/nativeAXI4.gen 
Execute           source /mnt/pollux/software/xilinx/2020.2/Vitis_HLS/2020.2/common/technology/xilinx/interface/saxilite.gen 
Execute           source /mnt/pollux/software/xilinx/2020.2/Vitis_HLS/2020.2/common/technology/xilinx/interface/maxi.gen 
Execute         source /mnt/pollux/software/xilinx/2020.2/Vitis_HLS/2020.2/common/technology/xilinx/scripts/xilinxcoregen.gen 
Execute         source /mnt/pollux/software/xilinx/2020.2/Vitis_HLS/2020.2/common/technology/xilinx/interface/XilEDKCoreGen.gen 
Execute         source /mnt/pollux/software/xilinx/2020.2/Vitis_HLS/2020.2/common/technology/xilinx/ip/dds_compiler.gen 
Execute         source /mnt/pollux/software/xilinx/2020.2/Vitis_HLS/2020.2/common/technology/xilinx/ip/util.gen 
Execute         source /mnt/pollux/software/xilinx/2020.2/Vitis_HLS/2020.2/common/technology/xilinx/ip/xfft.gen 
Command         ap_source done; 0.11 sec.
Execute         source /mnt/pollux/software/xilinx/2020.2/Vitis_HLS/2020.2/common/technology/xilinx/ip/xfir.gen 
Execute         source /mnt/pollux/software/xilinx/2020.2/Vitis_HLS/2020.2/common/technology/xilinx/DSP48/dsp48.gen 
Command       ap_source done; 0.18 sec.
Execute       source /mnt/pollux/software/xilinx/2020.2/Vitis_HLS/2020.2/common/technology/xilinx/common/xilinx.gen 
Execute         source /mnt/pollux/software/xilinx/2020.2/Vitis_HLS/2020.2/common/technology/xilinx/interface/plb46.gen 
Execute         source /mnt/pollux/software/xilinx/2020.2/Vitis_HLS/2020.2/common/technology/xilinx/interface/axi4.gen 
Execute         source /mnt/pollux/software/xilinx/2020.2/Vitis_HLS/2020.2/common/technology/xilinx/interface/nativeAXI4.gen 
Execute           source /mnt/pollux/software/xilinx/2020.2/Vitis_HLS/2020.2/common/technology/xilinx/interface/saxilite.gen 
Execute           source /mnt/pollux/software/xilinx/2020.2/Vitis_HLS/2020.2/common/technology/xilinx/interface/maxi.gen 
Execute         source /mnt/pollux/software/xilinx/2020.2/Vitis_HLS/2020.2/common/technology/xilinx/scripts/xilinxcoregen.gen 
Execute         source /mnt/pollux/software/xilinx/2020.2/Vitis_HLS/2020.2/common/technology/xilinx/interface/XilEDKCoreGen.gen 
Execute         source /mnt/pollux/software/xilinx/2020.2/Vitis_HLS/2020.2/common/technology/xilinx/ip/dds_compiler.gen 
Execute         source /mnt/pollux/software/xilinx/2020.2/Vitis_HLS/2020.2/common/technology/xilinx/ip/util.gen 
Execute         source /mnt/pollux/software/xilinx/2020.2/Vitis_HLS/2020.2/common/technology/xilinx/ip/xfft.gen 
Execute         source /mnt/pollux/software/xilinx/2020.2/Vitis_HLS/2020.2/common/technology/xilinx/ip/xfir.gen 
Execute         source /mnt/pollux/software/xilinx/2020.2/Vitis_HLS/2020.2/common/technology/xilinx/DSP48/dsp48.gen 
Command       ap_source done; 0.14 sec.
INFO-FLOW: DBG:CMD:       initCTypeInfo top_module=LZW_encoding_HW xml_exists=0
Execute       source /mnt/castor/seas_home/t/tejasl/ESE5320_tejasl/ESE5320_Final_Project/project/LZW_Project/LZW_HW/.autopilot/db/LZW_encoding_HW.rtl_wrap.cfg.tcl 
Execute       source /mnt/castor/seas_home/t/tejasl/ESE5320_tejasl/ESE5320_Final_Project/project/LZW_Project/LZW_HW/.autopilot/db/LZW_encoding_HW.rtl_wrap.cfg.tcl 
Execute       source /mnt/castor/seas_home/t/tejasl/ESE5320_tejasl/ESE5320_Final_Project/project/LZW_Project/LZW_HW/.autopilot/db/LZW_encoding_HW.rtl_wrap.cfg.tcl 
Execute       source /mnt/castor/seas_home/t/tejasl/ESE5320_tejasl/ESE5320_Final_Project/project/LZW_Project/LZW_HW/.autopilot/db/LZW_encoding_HW.tbgen.tcl 
Execute       source /mnt/castor/seas_home/t/tejasl/ESE5320_tejasl/ESE5320_Final_Project/project/LZW_Project/LZW_HW/.autopilot/db/LZW_encoding_HW.tbgen.tcl 
INFO-FLOW: DBG:CMD:       export_impl_rtl
INFO-FLOW: DBG:CMD:       generate_ip_cores sim=0 export=0 expOnly=0 dstVlogDir=impl/.verilog
Execute       source /mnt/castor/seas_home/t/tejasl/ESE5320_tejasl/ESE5320_Final_Project/project/LZW_Project/LZW_HW/.autopilot/db/global.setting.tcl 
Execute       source /mnt/castor/seas_home/t/tejasl/ESE5320_tejasl/ESE5320_Final_Project/project/LZW_Project/LZW_HW/.autopilot/db/LZW_encoding_HW.compgen.tcl 
INFO-FLOW: DBG:CMD:       generate_ip_cores sim=0 export=1 expOnly=1 dstVlogDir=impl/.pcores/verilog
Execute       source /mnt/castor/seas_home/t/tejasl/ESE5320_tejasl/ESE5320_Final_Project/project/LZW_Project/LZW_HW/.autopilot/db/global.setting.tcl 
Execute       source /mnt/castor/seas_home/t/tejasl/ESE5320_tejasl/ESE5320_Final_Project/project/LZW_Project/LZW_HW/.autopilot/db/LZW_encoding_HW.compgen.tcl 
Execute         ap_part_info -name xczu3eg-sbva484-1-i -data names -quiet 
Execute         ap_part_info -name xczu3eg-sbva484-1-i -data info -quiet 
Execute         ap_part_info -name xczu3eg-sbva484-1-i -data names -quiet 
Execute         ap_part_info -name xczu3eg-sbva484-1-i -data info -quiet 
Execute         ap_part_info -name xczu3eg-sbva484-1-i -data names -quiet 
Execute         ap_part_info -name xczu3eg-sbva484-1-i -data info -quiet 
Execute         ap_part_info -name xczu3eg-sbva484-1-i -data names -quiet 
Execute         ap_part_info -name xczu3eg-sbva484-1-i -data info -quiet 
Execute         ap_part_info -name xczu3eg-sbva484-1-i -data names -quiet 
Execute         ap_part_info -name xczu3eg-sbva484-1-i -data info -quiet 
Execute         ap_part_info -name xczu3eg-sbva484-1-i -data names -quiet 
Execute         ap_part_info -name xczu3eg-sbva484-1-i -data info -quiet 
Command       ap_source done; 0.36 sec.
Execute       ap_part_info -name xczu3eg-sbva484-1-i -data names -quiet 
Execute       ap_part_info -name xczu3eg-sbva484-1-i -data info -quiet 
INFO-FLOW: DBG:CMD:       generate_ip_cores sim=0 export=0 expOnly=0 dstVlogDir=impl/.pcores/verilog_sim
Execute       source /mnt/castor/seas_home/t/tejasl/ESE5320_tejasl/ESE5320_Final_Project/project/LZW_Project/LZW_HW/.autopilot/db/global.setting.tcl 
Execute       source /mnt/castor/seas_home/t/tejasl/ESE5320_tejasl/ESE5320_Final_Project/project/LZW_Project/LZW_HW/.autopilot/db/LZW_encoding_HW.compgen.tcl 
Execute       ap_part_info -name xczu3eg-sbva484-1-i -data names -quiet 
Execute       ap_part_info -name xczu3eg-sbva484-1-i -data info -quiet 
Execute       ap_part_info -name xczu3eg-sbva484-1-i -data names -quiet 
Execute       ap_part_info -name xczu3eg-sbva484-1-i -data info -quiet 
Execute       source /mnt/castor/seas_home/t/tejasl/ESE5320_tejasl/ESE5320_Final_Project/project/LZW_Project/LZW_HW/.autopilot/db/global.setting.tcl 
Execute       ap_part_info -name xczu3eg-sbva484-1-i -data names -quiet 
Execute       ap_part_info -name xczu3eg-sbva484-1-i -data info -quiet 
Execute       source /mnt/castor/seas_home/t/tejasl/ESE5320_tejasl/ESE5320_Final_Project/project/LZW_Project/LZW_HW/.autopilot/db/LZW_encoding_HW.constraint.tcl 
Execute       source /mnt/castor/seas_home/t/tejasl/ESE5320_tejasl/ESE5320_Final_Project/project/LZW_Project/LZW_HW/.autopilot/db/LZW_encoding_HW.tbgen.tcl 
INFO-FLOW: DBG:CMD:       hasPcoreIpAdapter=false #gSsdmPorts=0
Execute       get_solution -flow_target 
Execute       source /mnt/castor/seas_home/t/tejasl/ESE5320_tejasl/ESE5320_Final_Project/project/LZW_Project/LZW_HW/.autopilot/db/global.setting.tcl 
INFO-FLOW: DBG:CMD:       kernel.xml check internal_kernel_xml(1)=/mnt/castor/seas_home/t/tejasl/ESE5320_tejasl/ESE5320_Final_Project/project/LZW_Project/LZW_HW/.autopilot/db/kernel.internal.xml srclang=c top=LZW_encoding_HW
INFO-FLOW: DBG:CMD:       kernel.xml check proj_kernel_xml    (1)=/mnt/castor/seas_home/t/tejasl/ESE5320_tejasl/ESE5320_Final_Project/project/LZW_Project/LZW_HW/.autopilot/db/../../../kernel.xml use_proj_kernel_xml=false
INFO-FLOW: DBG:CMD:       copy internal kernel.xml to project: /mnt/castor/seas_home/t/tejasl/ESE5320_tejasl/ESE5320_Final_Project/project/LZW_Project/LZW_HW/.autopilot/db/../../../kernel.xml
INFO-FLOW: DBG:CMD:       update_final_kernel_xml /mnt/castor/seas_home/t/tejasl/ESE5320_tejasl/ESE5320_Final_Project/project/LZW_Project/LZW_HW/.autopilot/db/../../../kernel.xml
Execute       get_config_debug -enable 
Execute       ap_part_info -name xczu3eg-sbva484-1-i -data names -quiet 
Execute       ap_part_info -name xczu3eg-sbva484-1-i -data info -quiet 
INFO-FLOW: DBG:CMD: Updating /mnt/castor/seas_home/t/tejasl/ESE5320_tejasl/ESE5320_Final_Project/project/LZW_Project/LZW_HW/.autopilot/db/../../../kernel.xml with values: interrupt true debug false compileOptions {} name LZW_encoding_HW vlnv xilinx.com:hls:LZW_encoding_HW:1.0
INFO-FLOW: DBG:CMD: Skipping loadAnalyze_DB, #g_database=4
INFO-FLOW: DBG:CMD:       generate_json is_phase_csynth=1 g_has_adaptors=false generate_bd_files=0 #modelList=7 #gSsdmPorts=0
Execute       source /mnt/pollux/software/xilinx/2020.2/Vitis_HLS/2020.2/tps/tcl/tcllib1.11.1/fileutil/fileutil.tcl 
Execute       source /mnt/castor/seas_home/t/tejasl/ESE5320_tejasl/ESE5320_Final_Project/project/LZW_Project/LZW_HW/.autopilot/db/global.setting.tcl 
Execute       source /mnt/castor/seas_home/t/tejasl/ESE5320_tejasl/ESE5320_Final_Project/project/LZW_Project/LZW_HW/.autopilot/db/global.setting.tcl 
Execute       source /mnt/castor/seas_home/t/tejasl/ESE5320_tejasl/ESE5320_Final_Project/project/LZW_Project/LZW_HW/.autopilot/db/top-io-be.tcl 
Execute       source /mnt/castor/seas_home/t/tejasl/ESE5320_tejasl/ESE5320_Final_Project/project/LZW_Project/LZW_HW/.autopilot/db/LZW_encoding_HW.tbgen.tcl 
Execute       source /mnt/castor/seas_home/t/tejasl/ESE5320_tejasl/ESE5320_Final_Project/project/LZW_Project/LZW_HW/.autopilot/db/LZW_encoding_HW.compgen.dataonly.tcl 
Execute       source /mnt/castor/seas_home/t/tejasl/ESE5320_tejasl/ESE5320_Final_Project/project/LZW_Project/LZW_HW/.autopilot/db/LZW_encoding_HW.compgen.dataonly.tcl 
Execute       source /mnt/castor/seas_home/t/tejasl/ESE5320_tejasl/ESE5320_Final_Project/project/LZW_Project/LZW_HW/.autopilot/db/LZW_encoding_HW.tbgen.tcl 
Execute       source /mnt/castor/seas_home/t/tejasl/ESE5320_tejasl/ESE5320_Final_Project/project/LZW_Project/LZW_HW/.autopilot/db/LZW_encoding_HW.rtl_wrap.cfg.tcl 
Execute       source /mnt/castor/seas_home/t/tejasl/ESE5320_tejasl/ESE5320_Final_Project/project/LZW_Project/LZW_HW/.autopilot/db/LZW_encoding_HW.compgen.dataonly.tcl 
Execute       get_config_export -format 
Execute       ap_part_info -name xczu3eg-sbva484-1-i -data names -quiet 
Execute       ap_part_info -name xczu3eg-sbva484-1-i -data info -quiet 
Execute       source /mnt/castor/seas_home/t/tejasl/ESE5320_tejasl/ESE5320_Final_Project/project/LZW_Project/LZW_HW/.autopilot/db/LZW_encoding_HW.tbgen.tcl 
Execute       source /mnt/castor/seas_home/t/tejasl/ESE5320_tejasl/ESE5320_Final_Project/project/LZW_Project/LZW_HW/.autopilot/db/global.setting.tcl 
Execute       ap_part_info -name xczu3eg-sbva484-1-i -data names -quiet 
Execute       ap_part_info -name xczu3eg-sbva484-1-i -data info -quiet 
Execute       get_solution -flow_target 
Execute       get_config_rtl -kernel_profile 
Execute       get_config_rtl -kernel_profile 
Execute       get_config_rtl -stall_sig_gen 
Execute       get_config_rtl -profile 
Execute       source /mnt/castor/seas_home/t/tejasl/ESE5320_tejasl/ESE5320_Final_Project/project/LZW_Project/LZW_HW/.autopilot/db/LZW_encoding_HW.constraint.tcl 
Execute       sc_get_clocks LZW_encoding_HW 
Execute       source /mnt/castor/seas_home/t/tejasl/ESE5320_tejasl/ESE5320_Final_Project/project/LZW_Project/LZW_HW/.autopilot/db/global.setting.tcl 
Execute       get_config_debug -directory 
INFO-FLOW: DBG:CMD:       delete-temp-dirs (skipped for debug)
INFO: [HLS 200-111] Finished Generating all RTL models: CPU user time: 3.87 seconds. CPU system time: 0.18 seconds. Elapsed time: 5.65 seconds; current allocated memory: 248.216 MB.
INFO: [VHDL 208-304] Generating VHDL RTL for LZW_encoding_HW.
INFO: [VLOG 209-307] Generating Verilog RTL for LZW_encoding_HW.
INFO-FLOW: DBG:CMD:       update_csynth_xml_report append design.xml content design_xml=/mnt/castor/seas_home/t/tejasl/ESE5320_tejasl/ESE5320_Final_Project/project/LZW_Project/LZW_HW/.autopilot/db/LZW_encoding_HW.design.xml
INFO-FLOW: DBG:CMD:       update_csynth_xml_report json2reportxml
INFO-FLOW: DBG:CMD:       update_csynth_xml_report done
Execute       syn_report -model LZW_encoding_HW -printsummary 
INFO: [HLS 200-790] **** Loop Constraint Status: All loop constraints were satisfied.
INFO: [HLS 200-789] **** Estimated Fmax: 205.47 MHz
Command     autosyn done; 8.44 sec.
Command   csynth_design done; 16.13 sec.
INFO: [HLS 200-111] Finished Command csynth_design CPU user time: 12.7 seconds. CPU system time: 0.79 seconds. Elapsed time: 16.13 seconds; current allocated memory: 248.645 MB.
Command ap_source done; 23.2 sec.
Execute cleanup_all 
